<?xml version="1.0" encoding="ISO-8859-1"?>

<document>
  <properties>
    <title>JUnit Test Results</title>
  </properties>
  <body>
    <section name="Summary">
      <p>[
        <a href="#Summary">summary</a>] [
        <a href="#Package List">package list</a>] [
        <a href="#Test Cases">test cases</a>]</p>
      <table summary="JUnit result summary">
        <thead>
          <tr>
            <th>Tests</th>
            <th>Errors</th>
            <th>Failures</th>
            <th>Success rate</th>
            <th>Time(s)</th>
          </tr>
        </thead>
        <tr>
          <td>98</td>
          <td>0</td>
          <td>0</td>
          <td>100.00%</td>
          <td>3.86</td>
        </tr>
      </table>
      <p>Note:
        <i>failures</i>are anticipated and checked for with assertions while
        <i>errors</i>are unanticipated.</p>
    </section>
    <section name="Package List">
      <p>[
        <a href="#Summary">summary</a>] [
        <a href="#Package List">package list</a>] [
        <a href="#Test Cases">test cases</a>]</p>
      <table summary="Package List">
        <thead>
          <tr>
            <th>Package</th>
            <th>Tests</th>
            <th>Errors</th>
            <th>Failures</th>
            <th>Success Rate</th>
            <th>Time</th>
          </tr>
        </thead>
        <tr>
          <td>
            <a href="#com.diasparsoftware.gsbase.test">com.diasparsoftware.gsbase.test</a>
          </td>
          <td>17</td>
          <td>0</td>
          <td>0</td>
          <td>100.00%</td>
          <td>0.72</td>
        </tr>
        <tr>
          <td>
            <a href="#com.diasparsoftware.htmlunitx.test">com.diasparsoftware.htmlunitx.test</a>
          </td>
          <td>28</td>
          <td>0</td>
          <td>0</td>
          <td>100.00%</td>
          <td>1.21</td>
        </tr>
        <tr>
          <td>
            <a href="#com.diasparsoftware.io.test">com.diasparsoftware.io.test</a>
          </td>
          <td>2</td>
          <td>0</td>
          <td>0</td>
          <td>100.00%</td>
          <td>0.05</td>
        </tr>
        <tr>
          <td>
            <a href="#com.diasparsoftware.java.lang.test">com.diasparsoftware.java.lang.test</a>
          </td>
          <td>16</td>
          <td>0</td>
          <td>0</td>
          <td>100.00%</td>
          <td>0.17</td>
        </tr>
        <tr>
          <td>
            <a href="#com.diasparsoftware.java.util.test">com.diasparsoftware.java.util.test</a>
          </td>
          <td>14</td>
          <td>0</td>
          <td>0</td>
          <td>100.00%</td>
          <td>0.34</td>
        </tr>
        <tr>
          <td>
            <a href="#com.diasparsoftware.javax.jms.test">com.diasparsoftware.javax.jms.test</a>
          </td>
          <td>5</td>
          <td>0</td>
          <td>0</td>
          <td>100.00%</td>
          <td>0.57</td>
        </tr>
        <tr>
          <td>
            <a href="#com.diasparsoftware.javax.servlet.test">com.diasparsoftware.javax.servlet.test</a>
          </td>
          <td>7</td>
          <td>0</td>
          <td>0</td>
          <td>100.00%</td>
          <td>0.36</td>
        </tr>
        <tr>
          <td>
            <a href="#com.diasparsoftware.jdbc.test">com.diasparsoftware.jdbc.test</a>
          </td>
          <td>4</td>
          <td>0</td>
          <td>0</td>
          <td>100.00%</td>
          <td>0.40</td>
        </tr>
        <tr>
          <td>
            <a href="#com.diasparsoftware.util.test">com.diasparsoftware.util.test</a>
          </td>
          <td>5</td>
          <td>0</td>
          <td>0</td>
          <td>100.00%</td>
          <td>0.04</td>
        </tr>
      </table>
      <p>Note: package statistics are not computed recursively, they only sum up all of its testsuites numbers.</p>
      <a name="com.diasparsoftware.gsbase.test">
      </a>
      <subsection name="com.diasparsoftware.gsbase.test">
        <table summary="Tests for com.diasparsoftware.gsbase.test">
          <thead>
            <tr>
              <th colspan="2">Class</th>
              <th>Tests</th>
              <th>Errors</th>
              <th>Failures</th>
              <th>Success Rate</th>
              <th>Time</th>
            </tr>
          </thead>
          <tr>
            <td>
              <img width="15" height="15" src="images/icon_success_sml.gif" alt="Success">
              </img>
            </td>
            <td>
              <a href="#FlattenByteSegmentTest">FlattenByteSegmentTest</a>
            </td>
            <td>5</td>
            <td>0</td>
            <td>0</td>
            <td>100.00%</td>
            <td>0.040</td>
          </tr>
          <tr>
            <td>
              <img width="15" height="15" src="images/icon_success_sml.gif" alt="Success">
              </img>
            </td>
            <td>
              <a href="#GetContentAsBytesTest">GetContentAsBytesTest</a>
            </td>
            <td>4</td>
            <td>0</td>
            <td>0</td>
            <td>100.00%</td>
            <td>0.200</td>
          </tr>
          <tr>
            <td>
              <img width="15" height="15" src="images/icon_success_sml.gif" alt="Success">
              </img>
            </td>
            <td>
              <a href="#GetContentAsStringTest">GetContentAsStringTest</a>
            </td>
            <td>3</td>
            <td>0</td>
            <td>0</td>
            <td>100.00%</td>
            <td>0.040</td>
          </tr>
          <tr>
            <td>
              <img width="15" height="15" src="images/icon_success_sml.gif" alt="Success">
              </img>
            </td>
            <td>
              <a href="#SystemClockStopwatchTest">SystemClockStopwatchTest</a>
            </td>
            <td>5</td>
            <td>0</td>
            <td>0</td>
            <td>100.00%</td>
            <td>0.441</td>
          </tr>
        </table>
      </subsection>
      <a name="com.diasparsoftware.htmlunitx.test">
      </a>
      <subsection name="com.diasparsoftware.htmlunitx.test">
        <table summary="Tests for com.diasparsoftware.htmlunitx.test">
          <thead>
            <tr>
              <th colspan="2">Class</th>
              <th>Tests</th>
              <th>Errors</th>
              <th>Failures</th>
              <th>Success Rate</th>
              <th>Time</th>
            </tr>
          </thead>
          <tr>
            <td>
              <img width="15" height="15" src="images/icon_success_sml.gif" alt="Success">
              </img>
            </td>
            <td>
              <a href="#EmptyInputStreamWebResponseTest">EmptyInputStreamWebResponseTest</a>
            </td>
            <td>11</td>
            <td>0</td>
            <td>0</td>
            <td>100.00%</td>
            <td>0.140</td>
          </tr>
          <tr>
            <td>
              <img width="15" height="15" src="images/icon_success_sml.gif" alt="Success">
              </img>
            </td>
            <td>
              <a href="#FileSystemWebResponseTest">FileSystemWebResponseTest</a>
            </td>
            <td>11</td>
            <td>0</td>
            <td>0</td>
            <td>100.00%</td>
            <td>0.130</td>
          </tr>
          <tr>
            <td>
              <img width="15" height="15" src="images/icon_success_sml.gif" alt="Success">
              </img>
            </td>
            <td>
              <a href="#InputStreamWebResponseTest">InputStreamWebResponseTest</a>
            </td>
            <td>4</td>
            <td>0</td>
            <td>0</td>
            <td>100.00%</td>
            <td>0.781</td>
          </tr>
          <tr>
            <td>
              <img width="15" height="15" src="images/icon_success_sml.gif" alt="Success">
              </img>
            </td>
            <td>
              <a href="#TestableWebConnectionTest">TestableWebConnectionTest</a>
            </td>
            <td>2</td>
            <td>0</td>
            <td>0</td>
            <td>100.00%</td>
            <td>0.160</td>
          </tr>
        </table>
      </subsection>
      <a name="com.diasparsoftware.io.test">
      </a>
      <subsection name="com.diasparsoftware.io.test">
        <table summary="Tests for com.diasparsoftware.io.test">
          <thead>
            <tr>
              <th colspan="2">Class</th>
              <th>Tests</th>
              <th>Errors</th>
              <th>Failures</th>
              <th>Success Rate</th>
              <th>Time</th>
            </tr>
          </thead>
          <tr>
            <td>
              <img width="15" height="15" src="images/icon_success_sml.gif" alt="Success">
              </img>
            </td>
            <td>
              <a href="#GetContentAsStringTest">GetContentAsStringTest</a>
            </td>
            <td>2</td>
            <td>0</td>
            <td>0</td>
            <td>100.00%</td>
            <td>0.050</td>
          </tr>
        </table>
      </subsection>
      <a name="com.diasparsoftware.java.lang.test">
      </a>
      <subsection name="com.diasparsoftware.java.lang.test">
        <table summary="Tests for com.diasparsoftware.java.lang.test">
          <thead>
            <tr>
              <th colspan="2">Class</th>
              <th>Tests</th>
              <th>Errors</th>
              <th>Failures</th>
              <th>Success Rate</th>
              <th>Time</th>
            </tr>
          </thead>
          <tr>
            <td>
              <img width="15" height="15" src="images/icon_success_sml.gif" alt="Success">
              </img>
            </td>
            <td>
              <a href="#ValueObjectEqualsTestFivePropertiesTest">ValueObjectEqualsTestFivePropertiesTest</a>
            </td>
            <td>8</td>
            <td>0</td>
            <td>0</td>
            <td>100.00%</td>
            <td>0.080</td>
          </tr>
          <tr>
            <td>
              <img width="15" height="15" src="images/icon_success_sml.gif" alt="Success">
              </img>
            </td>
            <td>
              <a href="#ValueObjectEqualsTestSinglePropertyTest">ValueObjectEqualsTestSinglePropertyTest</a>
            </td>
            <td>8</td>
            <td>0</td>
            <td>0</td>
            <td>100.00%</td>
            <td>0.090</td>
          </tr>
        </table>
      </subsection>
      <a name="com.diasparsoftware.java.util.test">
      </a>
      <subsection name="com.diasparsoftware.java.util.test">
        <table summary="Tests for com.diasparsoftware.java.util.test">
          <thead>
            <tr>
              <th colspan="2">Class</th>
              <th>Tests</th>
              <th>Errors</th>
              <th>Failures</th>
              <th>Success Rate</th>
              <th>Time</th>
            </tr>
          </thead>
          <tr>
            <td>
              <img width="15" height="15" src="images/icon_success_sml.gif" alt="Success">
              </img>
            </td>
            <td>
              <a href="#CaseInsensitiveStringCollectionSearchTest">CaseInsensitiveStringCollectionSearchTest</a>
            </td>
            <td>4</td>
            <td>0</td>
            <td>0</td>
            <td>100.00%</td>
            <td>0.060</td>
          </tr>
          <tr>
            <td>
              <img width="15" height="15" src="images/icon_success_sml.gif" alt="Success">
              </img>
            </td>
            <td>
              <a href="#DateUtilTest">DateUtilTest</a>
            </td>
            <td>1</td>
            <td>0</td>
            <td>0</td>
            <td>100.00%</td>
            <td>0.060</td>
          </tr>
          <tr>
            <td>
              <img width="15" height="15" src="images/icon_success_sml.gif" alt="Success">
              </img>
            </td>
            <td>
              <a href="#GregorianCalendarLearningTest">GregorianCalendarLearningTest</a>
            </td>
            <td>1</td>
            <td>0</td>
            <td>0</td>
            <td>100.00%</td>
            <td>0.070</td>
          </tr>
          <tr>
            <td>
              <img width="15" height="15" src="images/icon_success_sml.gif" alt="Success">
              </img>
            </td>
            <td>
              <a href="#MakeMapFromArrayTest">MakeMapFromArrayTest</a>
            </td>
            <td>3</td>
            <td>0</td>
            <td>0</td>
            <td>100.00%</td>
            <td>0.040</td>
          </tr>
          <tr>
            <td>
              <img width="15" height="15" src="images/icon_success_sml.gif" alt="Success">
              </img>
            </td>
            <td>
              <a href="#QuantityTest">QuantityTest</a>
            </td>
            <td>5</td>
            <td>0</td>
            <td>0</td>
            <td>100.00%</td>
            <td>0.110</td>
          </tr>
        </table>
      </subsection>
      <a name="com.diasparsoftware.javax.jms.test">
      </a>
      <subsection name="com.diasparsoftware.javax.jms.test">
        <table summary="Tests for com.diasparsoftware.javax.jms.test">
          <thead>
            <tr>
              <th colspan="2">Class</th>
              <th>Tests</th>
              <th>Errors</th>
              <th>Failures</th>
              <th>Success Rate</th>
              <th>Time</th>
            </tr>
          </thead>
          <tr>
            <td>
              <img width="15" height="15" src="images/icon_success_sml.gif" alt="Success">
              </img>
            </td>
            <td>
              <a href="#BuildMapMessageTest">BuildMapMessageTest</a>
            </td>
            <td>4</td>
            <td>0</td>
            <td>0</td>
            <td>100.00%</td>
            <td>0.150</td>
          </tr>
          <tr>
            <td>
              <img width="15" height="15" src="images/icon_success_sml.gif" alt="Success">
              </img>
            </td>
            <td>
              <a href="#SendMapMessageToJBossServerTest">SendMapMessageToJBossServerTest</a>
            </td>
            <td>1</td>
            <td>0</td>
            <td>0</td>
            <td>100.00%</td>
            <td>0.421</td>
          </tr>
        </table>
      </subsection>
      <a name="com.diasparsoftware.javax.servlet.test">
      </a>
      <subsection name="com.diasparsoftware.javax.servlet.test">
        <table summary="Tests for com.diasparsoftware.javax.servlet.test">
          <thead>
            <tr>
              <th colspan="2">Class</th>
              <th>Tests</th>
              <th>Errors</th>
              <th>Failures</th>
              <th>Success Rate</th>
              <th>Time</th>
            </tr>
          </thead>
          <tr>
            <td>
              <img width="15" height="15" src="images/icon_success_sml.gif" alt="Success">
              </img>
            </td>
            <td>
              <a href="#ParameterMapToStringTest">ParameterMapToStringTest</a>
            </td>
            <td>4</td>
            <td>0</td>
            <td>0</td>
            <td>100.00%</td>
            <td>0.140</td>
          </tr>
          <tr>
            <td>
              <img width="15" height="15" src="images/icon_success_sml.gif" alt="Success">
              </img>
            </td>
            <td>
              <a href="#SessionToStringTest">SessionToStringTest</a>
            </td>
            <td>3</td>
            <td>0</td>
            <td>0</td>
            <td>100.00%</td>
            <td>0.220</td>
          </tr>
        </table>
      </subsection>
      <a name="com.diasparsoftware.jdbc.test">
      </a>
      <subsection name="com.diasparsoftware.jdbc.test">
        <table summary="Tests for com.diasparsoftware.jdbc.test">
          <thead>
            <tr>
              <th colspan="2">Class</th>
              <th>Tests</th>
              <th>Errors</th>
              <th>Failures</th>
              <th>Success Rate</th>
              <th>Time</th>
            </tr>
          </thead>
          <tr>
            <td>
              <img width="15" height="15" src="images/icon_success_sml.gif" alt="Success">
              </img>
            </td>
            <td>
              <a href="#ExecuteInsertStatementTest">ExecuteInsertStatementTest</a>
            </td>
            <td>1</td>
            <td>0</td>
            <td>0</td>
            <td>100.00%</td>
            <td>0.200</td>
          </tr>
          <tr>
            <td>
              <img width="15" height="15" src="images/icon_success_sml.gif" alt="Success">
              </img>
            </td>
            <td>
              <a href="#ExecuteSelectStatementTest">ExecuteSelectStatementTest</a>
            </td>
            <td>3</td>
            <td>0</td>
            <td>0</td>
            <td>100.00%</td>
            <td>0.200</td>
          </tr>
        </table>
      </subsection>
      <a name="com.diasparsoftware.util.test">
      </a>
      <subsection name="com.diasparsoftware.util.test">
        <table summary="Tests for com.diasparsoftware.util.test">
          <thead>
            <tr>
              <th colspan="2">Class</th>
              <th>Tests</th>
              <th>Errors</th>
              <th>Failures</th>
              <th>Success Rate</th>
              <th>Time</th>
            </tr>
          </thead>
          <tr>
            <td>
              <img width="15" height="15" src="images/icon_success_sml.gif" alt="Success">
              </img>
            </td>
            <td>
              <a href="#MoneyTest">MoneyTest</a>
            </td>
            <td>5</td>
            <td>0</td>
            <td>0</td>
            <td>100.00%</td>
            <td>0.040</td>
          </tr>
        </table>
      </subsection>
    </section>
    <section name="Test Cases">
      <p>[
        <a href="#Summary">summary</a>] [
        <a href="#Package List">package list</a>] [
        <a href="#Test Cases">test cases</a>]</p>
      <a name="FlattenByteSegmentTest">
      </a>
      <subsection name="FlattenByteSegmentTest">
        <table summary="Testsuite: FlattenByteSegmentTest">
          <tr>
            <td style="width:20px">
              <img width="15" height="15" src="images/icon_success_sml.gif" alt="Success">
              </img>
            </td>
            <td style="width:98%">empty</td>
            <td style="width:60px">0.01</td>
          </tr>
          <tr>
            <td style="width:20px">
              <img width="15" height="15" src="images/icon_success_sml.gif" alt="Success">
              </img>
            </td>
            <td style="width:98%">single, stripped segment</td>
            <td style="width:60px">0.00</td>
          </tr>
          <tr>
            <td style="width:20px">
              <img width="15" height="15" src="images/icon_success_sml.gif" alt="Success">
              </img>
            </td>
            <td style="width:98%">single, padded segment</td>
            <td style="width:60px">0.00</td>
          </tr>
          <tr>
            <td style="width:20px">
              <img width="15" height="15" src="images/icon_success_sml.gif" alt="Success">
              </img>
            </td>
            <td style="width:98%">full segment, then single padded segment</td>
            <td style="width:60px">0.00</td>
          </tr>
          <tr>
            <td style="width:20px">
              <img width="15" height="15" src="images/icon_success_sml.gif" alt="Success">
              </img>
            </td>
            <td style="width:98%">2 full segments, then single padded segment</td>
            <td style="width:60px">0.00</td>
          </tr>
        </table>
      </subsection>
      <a name="GetContentAsBytesTest">
      </a>
      <subsection name="GetContentAsBytesTest">
        <table summary="Testsuite: GetContentAsBytesTest">
          <tr>
            <td style="width:20px">
              <img width="15" height="15" src="images/icon_success_sml.gif" alt="Success">
              </img>
            </td>
            <td style="width:98%">testNull</td>
            <td style="width:60px">0.01</td>
          </tr>
          <tr>
            <td style="width:20px">
              <img width="15" height="15" src="images/icon_success_sml.gif" alt="Success">
              </img>
            </td>
            <td style="width:98%">testEmptyStream</td>
            <td style="width:60px">0.01</td>
          </tr>
          <tr>
            <td style="width:20px">
              <img width="15" height="15" src="images/icon_success_sml.gif" alt="Success">
              </img>
            </td>
            <td style="width:98%">testSimpleHappyPath</td>
            <td style="width:60px">0.00</td>
          </tr>
          <tr>
            <td style="width:20px">
              <img width="15" height="15" src="images/icon_success_sml.gif" alt="Success">
              </img>
            </td>
            <td style="width:98%">testLargeBuffer</td>
            <td style="width:60px">0.15</td>
          </tr>
        </table>
      </subsection>
      <a name="GetContentAsStringTest">
      </a>
      <subsection name="GetContentAsStringTest">
        <table summary="Testsuite: GetContentAsStringTest">
          <tr>
            <td style="width:20px">
              <img width="15" height="15" src="images/icon_success_sml.gif" alt="Success">
              </img>
            </td>
            <td style="width:98%">testNull</td>
            <td style="width:60px">0.01</td>
          </tr>
          <tr>
            <td style="width:20px">
              <img width="15" height="15" src="images/icon_success_sml.gif" alt="Success">
              </img>
            </td>
            <td style="width:98%">testEmptyStream</td>
            <td style="width:60px">0.00</td>
          </tr>
          <tr>
            <td style="width:20px">
              <img width="15" height="15" src="images/icon_success_sml.gif" alt="Success">
              </img>
            </td>
            <td style="width:98%">testHappyPath</td>
            <td style="width:60px">0.00</td>
          </tr>
        </table>
      </subsection>
      <a name="SystemClockStopwatchTest">
      </a>
      <subsection name="SystemClockStopwatchTest">
        <table summary="Testsuite: SystemClockStopwatchTest">
          <tr>
            <td style="width:20px">
              <img width="15" height="15" src="images/icon_success_sml.gif" alt="Success">
              </img>
            </td>
            <td style="width:98%">testLastTime</td>
            <td style="width:60px">0.21</td>
          </tr>
          <tr>
            <td style="width:20px">
              <img width="15" height="15" src="images/icon_success_sml.gif" alt="Success">
              </img>
            </td>
            <td style="width:98%">testLastTimeWithoutStarting</td>
            <td style="width:60px">0.00</td>
          </tr>
          <tr>
            <td style="width:20px">
              <img width="15" height="15" src="images/icon_success_sml.gif" alt="Success">
              </img>
            </td>
            <td style="width:98%">testReset</td>
            <td style="width:60px">0.00</td>
          </tr>
          <tr>
            <td style="width:20px">
              <img width="15" height="15" src="images/icon_success_sml.gif" alt="Success">
              </img>
            </td>
            <td style="width:98%">testLastTimeWithoutStopping</td>
            <td style="width:60px">0.00</td>
          </tr>
          <tr>
            <td style="width:20px">
              <img width="15" height="15" src="images/icon_success_sml.gif" alt="Success">
              </img>
            </td>
            <td style="width:98%">testResetAfterUse</td>
            <td style="width:60px">0.20</td>
          </tr>
        </table>
      </subsection>
      <a name="EmptyInputStreamWebResponseTest">
      </a>
      <subsection name="EmptyInputStreamWebResponseTest">
        <table summary="Testsuite: EmptyInputStreamWebResponseTest">
          <tr>
            <td style="width:20px">
              <img width="15" height="15" src="images/icon_success_sml.gif" alt="Success">
              </img>
            </td>
            <td style="width:98%">testStatusCode</td>
            <td style="width:60px">0.01</td>
          </tr>
          <tr>
            <td style="width:20px">
              <img width="15" height="15" src="images/icon_success_sml.gif" alt="Success">
              </img>
            </td>
            <td style="width:98%">testStatusMessage</td>
            <td style="width:60px">0.00</td>
          </tr>
          <tr>
            <td style="width:20px">
              <img width="15" height="15" src="images/icon_success_sml.gif" alt="Success">
              </img>
            </td>
            <td style="width:98%">testContentAsStream</td>
            <td style="width:60px">0.01</td>
          </tr>
          <tr>
            <td style="width:20px">
              <img width="15" height="15" src="images/icon_success_sml.gif" alt="Success">
              </img>
            </td>
            <td style="width:98%">testContentAsString</td>
            <td style="width:60px">0.00</td>
          </tr>
          <tr>
            <td style="width:20px">
              <img width="15" height="15" src="images/icon_success_sml.gif" alt="Success">
              </img>
            </td>
            <td style="width:98%">testContentCharSet</td>
            <td style="width:60px">0.00</td>
          </tr>
          <tr>
            <td style="width:20px">
              <img width="15" height="15" src="images/icon_success_sml.gif" alt="Success">
              </img>
            </td>
            <td style="width:98%">testContentType</td>
            <td style="width:60px">0.00</td>
          </tr>
          <tr>
            <td style="width:20px">
              <img width="15" height="15" src="images/icon_success_sml.gif" alt="Success">
              </img>
            </td>
            <td style="width:98%">testHasStopwatch</td>
            <td style="width:60px">0.00</td>
          </tr>
          <tr>
            <td style="width:20px">
              <img width="15" height="15" src="images/icon_success_sml.gif" alt="Success">
              </img>
            </td>
            <td style="width:98%">testLoadTime</td>
            <td style="width:60px">0.03</td>
          </tr>
          <tr>
            <td style="width:20px">
              <img width="15" height="15" src="images/icon_success_sml.gif" alt="Success">
              </img>
            </td>
            <td style="width:98%">testResponseBody</td>
            <td style="width:60px">0.00</td>
          </tr>
          <tr>
            <td style="width:20px">
              <img width="15" height="15" src="images/icon_success_sml.gif" alt="Success">
              </img>
            </td>
            <td style="width:98%">testResponseHeaderValue</td>
            <td style="width:60px">0.00</td>
          </tr>
          <tr>
            <td style="width:20px">
              <img width="15" height="15" src="images/icon_success_sml.gif" alt="Success">
              </img>
            </td>
            <td style="width:98%">testUrl</td>
            <td style="width:60px">0.06</td>
          </tr>
        </table>
      </subsection>
      <a name="FileSystemWebResponseTest">
      </a>
      <subsection name="FileSystemWebResponseTest">
        <table summary="Testsuite: FileSystemWebResponseTest">
          <tr>
            <td style="width:20px">
              <img width="15" height="15" src="images/icon_success_sml.gif" alt="Success">
              </img>
            </td>
            <td style="width:98%">testStatusCode</td>
            <td style="width:60px">0.02</td>
          </tr>
          <tr>
            <td style="width:20px">
              <img width="15" height="15" src="images/icon_success_sml.gif" alt="Success">
              </img>
            </td>
            <td style="width:98%">testStatusMessage</td>
            <td style="width:60px">0.01</td>
          </tr>
          <tr>
            <td style="width:20px">
              <img width="15" height="15" src="images/icon_success_sml.gif" alt="Success">
              </img>
            </td>
            <td style="width:98%">testContentAsStream</td>
            <td style="width:60px">0.01</td>
          </tr>
          <tr>
            <td style="width:20px">
              <img width="15" height="15" src="images/icon_success_sml.gif" alt="Success">
              </img>
            </td>
            <td style="width:98%">testContentAsString</td>
            <td style="width:60px">0.00</td>
          </tr>
          <tr>
            <td style="width:20px">
              <img width="15" height="15" src="images/icon_success_sml.gif" alt="Success">
              </img>
            </td>
            <td style="width:98%">testContentCharSet</td>
            <td style="width:60px">0.00</td>
          </tr>
          <tr>
            <td style="width:20px">
              <img width="15" height="15" src="images/icon_success_sml.gif" alt="Success">
              </img>
            </td>
            <td style="width:98%">testContentType</td>
            <td style="width:60px">0.01</td>
          </tr>
          <tr>
            <td style="width:20px">
              <img width="15" height="15" src="images/icon_success_sml.gif" alt="Success">
              </img>
            </td>
            <td style="width:98%">testHasStopwatch</td>
            <td style="width:60px">0.00</td>
          </tr>
          <tr>
            <td style="width:20px">
              <img width="15" height="15" src="images/icon_success_sml.gif" alt="Success">
              </img>
            </td>
            <td style="width:98%">testLoadTime</td>
            <td style="width:60px">0.00</td>
          </tr>
          <tr>
            <td style="width:20px">
              <img width="15" height="15" src="images/icon_success_sml.gif" alt="Success">
              </img>
            </td>
            <td style="width:98%">testResponseBody</td>
            <td style="width:60px">0.00</td>
          </tr>
          <tr>
            <td style="width:20px">
              <img width="15" height="15" src="images/icon_success_sml.gif" alt="Success">
              </img>
            </td>
            <td style="width:98%">testResponseHeaderValue</td>
            <td style="width:60px">0.00</td>
          </tr>
          <tr>
            <td style="width:20px">
              <img width="15" height="15" src="images/icon_success_sml.gif" alt="Success">
              </img>
            </td>
            <td style="width:98%">testUrl</td>
            <td style="width:60px">0.06</td>
          </tr>
        </table>
      </subsection>
      <a name="InputStreamWebResponseTest">
      </a>
      <subsection name="InputStreamWebResponseTest">
        <table summary="Testsuite: InputStreamWebResponseTest">
          <tr>
            <td style="width:20px">
              <img width="15" height="15" src="images/icon_success_sml.gif" alt="Success">
              </img>
            </td>
            <td style="width:98%">testEquals</td>
            <td style="width:60px">0.10</td>
          </tr>
          <tr>
            <td style="width:20px">
              <img width="15" height="15" src="images/icon_success_sml.gif" alt="Success">
              </img>
            </td>
            <td style="width:98%">testEmptyHtmlTag</td>
            <td style="width:60px">0.62</td>
          </tr>
          <tr>
            <td style="width:20px">
              <img width="15" height="15" src="images/icon_success_sml.gif" alt="Success">
              </img>
            </td>
            <td style="width:98%">testPageWithTitle</td>
            <td style="width:60px">0.01</td>
          </tr>
          <tr>
            <td style="width:20px">
              <img width="15" height="15" src="images/icon_success_sml.gif" alt="Success">
              </img>
            </td>
            <td style="width:98%">testGetResponseBodyWhenStreamBlowsUp</td>
            <td style="width:60px">0.01</td>
          </tr>
        </table>
      </subsection>
      <a name="TestableWebConnectionTest">
      </a>
      <subsection name="TestableWebConnectionTest">
        <table summary="Testsuite: TestableWebConnectionTest">
          <tr>
            <td style="width:20px">
              <img width="15" height="15" src="images/icon_success_sml.gif" alt="Success">
              </img>
            </td>
            <td style="width:98%">testEmptyResponse</td>
            <td style="width:60px">0.13</td>
          </tr>
          <tr>
            <td style="width:20px">
              <img width="15" height="15" src="images/icon_success_sml.gif" alt="Success">
              </img>
            </td>
            <td style="width:98%">testNonEmptyPlainResponse</td>
            <td style="width:60px">0.00</td>
          </tr>
        </table>
      </subsection>
      <a name="GetContentAsStringTest">
      </a>
      <subsection name="GetContentAsStringTest">
        <table summary="Testsuite: GetContentAsStringTest">
          <tr>
            <td style="width:20px">
              <img width="15" height="15" src="images/icon_success_sml.gif" alt="Success">
              </img>
            </td>
            <td style="width:98%">testEmptyReader</td>
            <td style="width:60px">0.00</td>
          </tr>
          <tr>
            <td style="width:20px">
              <img width="15" height="15" src="images/icon_success_sml.gif" alt="Success">
              </img>
            </td>
            <td style="width:98%">testFiveCharacters</td>
            <td style="width:60px">0.00</td>
          </tr>
        </table>
      </subsection>
      <a name="ValueObjectEqualsTestFivePropertiesTest">
      </a>
      <subsection name="ValueObjectEqualsTestFivePropertiesTest">
        <table summary="Testsuite: ValueObjectEqualsTestFivePropertiesTest">
          <tr>
            <td style="width:20px">
              <img width="15" height="15" src="images/icon_success_sml.gif" alt="Success">
              </img>
            </td>
            <td style="width:98%">testEqualsAgainstNewObject</td>
            <td style="width:60px">0.04</td>
          </tr>
          <tr>
            <td style="width:20px">
              <img width="15" height="15" src="images/icon_success_sml.gif" alt="Success">
              </img>
            </td>
            <td style="width:98%">testEqualsAgainstNull</td>
            <td style="width:60px">0.00</td>
          </tr>
          <tr>
            <td style="width:20px">
              <img width="15" height="15" src="images/icon_success_sml.gif" alt="Success">
              </img>
            </td>
            <td style="width:98%">testEqualsAgainstUnequalObjects</td>
            <td style="width:60px">0.00</td>
          </tr>
          <tr>
            <td style="width:20px">
              <img width="15" height="15" src="images/icon_success_sml.gif" alt="Success">
              </img>
            </td>
            <td style="width:98%">testEqualsIsConsistentAcrossInvocations</td>
            <td style="width:60px">0.02</td>
          </tr>
          <tr>
            <td style="width:20px">
              <img width="15" height="15" src="images/icon_success_sml.gif" alt="Success">
              </img>
            </td>
            <td style="width:98%">testEqualsIsReflexive</td>
            <td style="width:60px">0.00</td>
          </tr>
          <tr>
            <td style="width:20px">
              <img width="15" height="15" src="images/icon_success_sml.gif" alt="Success">
              </img>
            </td>
            <td style="width:98%">testEqualsIsSymmetricAndTransitive</td>
            <td style="width:60px">0.00</td>
          </tr>
          <tr>
            <td style="width:20px">
              <img width="15" height="15" src="images/icon_success_sml.gif" alt="Success">
              </img>
            </td>
            <td style="width:98%">testHashCodeContract</td>
            <td style="width:60px">0.00</td>
          </tr>
          <tr>
            <td style="width:20px">
              <img width="15" height="15" src="images/icon_success_sml.gif" alt="Success">
              </img>
            </td>
            <td style="width:98%">testHashCodeIsConsistentAcrossInvocations</td>
            <td style="width:60px">0.00</td>
          </tr>
        </table>
      </subsection>
      <a name="ValueObjectEqualsTestSinglePropertyTest">
      </a>
      <subsection name="ValueObjectEqualsTestSinglePropertyTest">
        <table summary="Testsuite: ValueObjectEqualsTestSinglePropertyTest">
          <tr>
            <td style="width:20px">
              <img width="15" height="15" src="images/icon_success_sml.gif" alt="Success">
              </img>
            </td>
            <td style="width:98%">testEqualsAgainstNewObject</td>
            <td style="width:60px">0.04</td>
          </tr>
          <tr>
            <td style="width:20px">
              <img width="15" height="15" src="images/icon_success_sml.gif" alt="Success">
              </img>
            </td>
            <td style="width:98%">testEqualsAgainstNull</td>
            <td style="width:60px">0.00</td>
          </tr>
          <tr>
            <td style="width:20px">
              <img width="15" height="15" src="images/icon_success_sml.gif" alt="Success">
              </img>
            </td>
            <td style="width:98%">testEqualsAgainstUnequalObjects</td>
            <td style="width:60px">0.00</td>
          </tr>
          <tr>
            <td style="width:20px">
              <img width="15" height="15" src="images/icon_success_sml.gif" alt="Success">
              </img>
            </td>
            <td style="width:98%">testEqualsIsConsistentAcrossInvocations</td>
            <td style="width:60px">0.01</td>
          </tr>
          <tr>
            <td style="width:20px">
              <img width="15" height="15" src="images/icon_success_sml.gif" alt="Success">
              </img>
            </td>
            <td style="width:98%">testEqualsIsReflexive</td>
            <td style="width:60px">0.00</td>
          </tr>
          <tr>
            <td style="width:20px">
              <img width="15" height="15" src="images/icon_success_sml.gif" alt="Success">
              </img>
            </td>
            <td style="width:98%">testEqualsIsSymmetricAndTransitive</td>
            <td style="width:60px">0.00</td>
          </tr>
          <tr>
            <td style="width:20px">
              <img width="15" height="15" src="images/icon_success_sml.gif" alt="Success">
              </img>
            </td>
            <td style="width:98%">testHashCodeContract</td>
            <td style="width:60px">0.00</td>
          </tr>
          <tr>
            <td style="width:20px">
              <img width="15" height="15" src="images/icon_success_sml.gif" alt="Success">
              </img>
            </td>
            <td style="width:98%">testHashCodeIsConsistentAcrossInvocations</td>
            <td style="width:60px">0.01</td>
          </tr>
        </table>
      </subsection>
      <a name="CaseInsensitiveStringCollectionSearchTest">
      </a>
      <subsection name="CaseInsensitiveStringCollectionSearchTest">
        <table summary="Testsuite: CaseInsensitiveStringCollectionSearchTest">
          <tr>
            <td style="width:20px">
              <img width="15" height="15" src="images/icon_success_sml.gif" alt="Success">
              </img>
            </td>
            <td style="width:98%">testEmptyCollection</td>
            <td style="width:60px">0.02</td>
          </tr>
          <tr>
            <td style="width:20px">
              <img width="15" height="15" src="images/icon_success_sml.gif" alt="Success">
              </img>
            </td>
            <td style="width:98%">testNotAStringCollection</td>
            <td style="width:60px">0.00</td>
          </tr>
          <tr>
            <td style="width:20px">
              <img width="15" height="15" src="images/icon_success_sml.gif" alt="Success">
              </img>
            </td>
            <td style="width:98%">testSingleItemMatches</td>
            <td style="width:60px">0.00</td>
          </tr>
          <tr>
            <td style="width:20px">
              <img width="15" height="15" src="images/icon_success_sml.gif" alt="Success">
              </img>
            </td>
            <td style="width:98%">testSingleItemDoesNotMatch</td>
            <td style="width:60px">0.00</td>
          </tr>
        </table>
      </subsection>
      <a name="DateUtilTest">
      </a>
      <subsection name="DateUtilTest">
        <table summary="Testsuite: DateUtilTest">
          <tr>
            <td style="width:20px">
              <img width="15" height="15" src="images/icon_success_sml.gif" alt="Success">
              </img>
            </td>
            <td style="width:98%">testGetYear</td>
            <td style="width:60px">0.01</td>
          </tr>
        </table>
      </subsection>
      <a name="GregorianCalendarLearningTest">
      </a>
      <subsection name="GregorianCalendarLearningTest">
        <table summary="Testsuite: GregorianCalendarLearningTest">
          <tr>
            <td style="width:20px">
              <img width="15" height="15" src="images/icon_success_sml.gif" alt="Success">
              </img>
            </td>
            <td style="width:98%">testSetYear</td>
            <td style="width:60px">0.04</td>
          </tr>
        </table>
      </subsection>
      <a name="MakeMapFromArrayTest">
      </a>
      <subsection name="MakeMapFromArrayTest">
        <table summary="Testsuite: MakeMapFromArrayTest">
          <tr>
            <td style="width:20px">
              <img width="15" height="15" src="images/icon_success_sml.gif" alt="Success">
              </img>
            </td>
            <td style="width:98%">makeMapFromArrayTest #0</td>
            <td style="width:60px">0.00</td>
          </tr>
          <tr>
            <td style="width:20px">
              <img width="15" height="15" src="images/icon_success_sml.gif" alt="Success">
              </img>
            </td>
            <td style="width:98%">makeMapFromArrayTest #1</td>
            <td style="width:60px">0.00</td>
          </tr>
          <tr>
            <td style="width:20px">
              <img width="15" height="15" src="images/icon_success_sml.gif" alt="Success">
              </img>
            </td>
            <td style="width:98%">makeMapFromArrayTest #2</td>
            <td style="width:60px">0.00</td>
          </tr>
        </table>
      </subsection>
      <a name="QuantityTest">
      </a>
      <subsection name="QuantityTest">
        <table summary="Testsuite: QuantityTest">
          <tr>
            <td style="width:20px">
              <img width="15" height="15" src="images/icon_success_sml.gif" alt="Success">
              </img>
            </td>
            <td style="width:98%">testAdd</td>
            <td style="width:60px">0.00</td>
          </tr>
          <tr>
            <td style="width:20px">
              <img width="15" height="15" src="images/icon_success_sml.gif" alt="Success">
              </img>
            </td>
            <td style="width:98%">testAddDifferentUnits</td>
            <td style="width:60px">0.01</td>
          </tr>
          <tr>
            <td style="width:20px">
              <img width="15" height="15" src="images/icon_success_sml.gif" alt="Success">
              </img>
            </td>
            <td style="width:98%">testZeroOf</td>
            <td style="width:60px">0.00</td>
          </tr>
          <tr>
            <td style="width:20px">
              <img width="15" height="15" src="images/icon_success_sml.gif" alt="Success">
              </img>
            </td>
            <td style="width:98%">testSerialization</td>
            <td style="width:60px">0.07</td>
          </tr>
          <tr>
            <td style="width:20px">
              <img width="15" height="15" src="images/icon_success_sml.gif" alt="Success">
              </img>
            </td>
            <td style="width:98%">testAddSubclass</td>
            <td style="width:60px">0.00</td>
          </tr>
        </table>
      </subsection>
      <a name="BuildMapMessageTest">
      </a>
      <subsection name="BuildMapMessageTest">
        <table summary="Testsuite: BuildMapMessageTest">
          <tr>
            <td style="width:20px">
              <img width="15" height="15" src="images/icon_success_sml.gif" alt="Success">
              </img>
            </td>
            <td style="width:98%">testEmptyMessage</td>
            <td style="width:60px">0.07</td>
          </tr>
          <tr>
            <td style="width:20px">
              <img width="15" height="15" src="images/icon_success_sml.gif" alt="Success">
              </img>
            </td>
            <td style="width:98%">testSingletonMap</td>
            <td style="width:60px">0.00</td>
          </tr>
          <tr>
            <td style="width:20px">
              <img width="15" height="15" src="images/icon_success_sml.gif" alt="Success">
              </img>
            </td>
            <td style="width:98%">testAllSupportedTypes</td>
            <td style="width:60px">0.05</td>
          </tr>
          <tr>
            <td style="width:20px">
              <img width="15" height="15" src="images/icon_success_sml.gif" alt="Success">
              </img>
            </td>
            <td style="width:98%">testGenericObject</td>
            <td style="width:60px">0.00</td>
          </tr>
        </table>
      </subsection>
      <a name="SendMapMessageToJBossServerTest">
      </a>
      <subsection name="SendMapMessageToJBossServerTest">
        <table summary="Testsuite: SendMapMessageToJBossServerTest">
          <tr>
            <td style="width:20px">
              <img width="15" height="15" src="images/icon_success_sml.gif" alt="Success">
              </img>
            </td>
            <td style="width:98%">testHappyPath</td>
            <td style="width:60px">0.40</td>
          </tr>
        </table>
      </subsection>
      <a name="ParameterMapToStringTest">
      </a>
      <subsection name="ParameterMapToStringTest">
        <table summary="Testsuite: ParameterMapToStringTest">
          <tr>
            <td style="width:20px">
              <img width="15" height="15" src="images/icon_success_sml.gif" alt="Success">
              </img>
            </td>
            <td style="width:98%">testEmptyRequest</td>
            <td style="width:60px">0.10</td>
          </tr>
          <tr>
            <td style="width:20px">
              <img width="15" height="15" src="images/icon_success_sml.gif" alt="Success">
              </img>
            </td>
            <td style="width:98%">testOneParameterOneItem</td>
            <td style="width:60px">0.00</td>
          </tr>
          <tr>
            <td style="width:20px">
              <img width="15" height="15" src="images/icon_success_sml.gif" alt="Success">
              </img>
            </td>
            <td style="width:98%">testOneParameterTwoItems</td>
            <td style="width:60px">0.01</td>
          </tr>
          <tr>
            <td style="width:20px">
              <img width="15" height="15" src="images/icon_success_sml.gif" alt="Success">
              </img>
            </td>
            <td style="width:98%">testTwoParameterTwoItems</td>
            <td style="width:60px">0.00</td>
          </tr>
        </table>
      </subsection>
      <a name="SessionToStringTest">
      </a>
      <subsection name="SessionToStringTest">
        <table summary="Testsuite: SessionToStringTest">
          <tr>
            <td style="width:20px">
              <img width="15" height="15" src="images/icon_success_sml.gif" alt="Success">
              </img>
            </td>
            <td style="width:98%">testEmpty</td>
            <td style="width:60px">0.19</td>
          </tr>
          <tr>
            <td style="width:20px">
              <img width="15" height="15" src="images/icon_success_sml.gif" alt="Success">
              </img>
            </td>
            <td style="width:98%">testOneString</td>
            <td style="width:60px">0.00</td>
          </tr>
          <tr>
            <td style="width:20px">
              <img width="15" height="15" src="images/icon_success_sml.gif" alt="Success">
              </img>
            </td>
            <td style="width:98%">testTwoStrings</td>
            <td style="width:60px">0.00</td>
          </tr>
        </table>
      </subsection>
      <a name="ExecuteInsertStatementTest">
      </a>
      <subsection name="ExecuteInsertStatementTest">
        <table summary="Testsuite: ExecuteInsertStatementTest">
          <tr>
            <td style="width:20px">
              <img width="15" height="15" src="images/icon_success_sml.gif" alt="Success">
              </img>
            </td>
            <td style="width:98%">testExecuteInsertStatement</td>
            <td style="width:60px">0.17</td>
          </tr>
        </table>
      </subsection>
      <a name="ExecuteSelectStatementTest">
      </a>
      <subsection name="ExecuteSelectStatementTest">
        <table summary="Testsuite: ExecuteSelectStatementTest">
          <tr>
            <td style="width:20px">
              <img width="15" height="15" src="images/icon_success_sml.gif" alt="Success">
              </img>
            </td>
            <td style="width:98%">testReturnNoRows</td>
            <td style="width:60px">0.07</td>
          </tr>
          <tr>
            <td style="width:20px">
              <img width="15" height="15" src="images/icon_success_sml.gif" alt="Success">
              </img>
            </td>
            <td style="width:98%">testReturnStringAsRow</td>
            <td style="width:60px">0.10</td>
          </tr>
          <tr>
            <td style="width:20px">
              <img width="15" height="15" src="images/icon_success_sml.gif" alt="Success">
              </img>
            </td>
            <td style="width:98%">testReturnFirstRow</td>
            <td style="width:60px">0.00</td>
          </tr>
        </table>
      </subsection>
      <a name="MoneyTest">
      </a>
      <subsection name="MoneyTest">
        <table summary="Testsuite: MoneyTest">
          <tr>
            <td style="width:20px">
              <img width="15" height="15" src="images/icon_success_sml.gif" alt="Success">
              </img>
            </td>
            <td style="width:98%">testFactory</td>
            <td style="width:60px">0.01</td>
          </tr>
          <tr>
            <td style="width:20px">
              <img width="15" height="15" src="images/icon_success_sml.gif" alt="Success">
              </img>
            </td>
            <td style="width:98%">testZeroConstant</td>
            <td style="width:60px">0.00</td>
          </tr>
          <tr>
            <td style="width:20px">
              <img width="15" height="15" src="images/icon_success_sml.gif" alt="Success">
              </img>
            </td>
            <td style="width:98%">testMultiply</td>
            <td style="width:60px">0.00</td>
          </tr>
          <tr>
            <td style="width:20px">
              <img width="15" height="15" src="images/icon_success_sml.gif" alt="Success">
              </img>
            </td>
            <td style="width:98%">testLessThan</td>
            <td style="width:60px">0.00</td>
          </tr>
          <tr>
            <td style="width:20px">
              <img width="15" height="15" src="images/icon_success_sml.gif" alt="Success">
              </img>
            </td>
            <td style="width:98%">testEquals</td>
            <td style="width:60px">0.00</td>
          </tr>
        </table>
      </subsection>
    </section>
  </body>
</document>