<?xml version="1.0" encoding="UTF-8" ?>
<testsuite name="com.diasparsoftware.gsbase.test.GetContentAsBytesTest" tests="4" failures="0" errors="0" time="0.311">
  <properties>
    <property name="distribution.version" value="0.22"></property>
    <property name="file.encoding.pkg" value="sun.io"></property>
    <property name="maven.compile.debug" value="on"></property>
    <property name="maven.vdoclet.srcDir" value="NOT_SET "></property>
    <property name="mockobjects.version" value="0.09"></property>
    <property name="maven.property.inheritance" value="true"></property>
    <property name="java.home" value="D:\j2sdk1.4.2\jre"></property>
    <property name="maven.distBuildIndicator" value="DIST_BUILD_DIRECTORY"></property>
    <property name="context" value="org.apache.maven.jelly.MavenJellyContext@17918f0"></property>
    <property name="maven.test.failure.ignore" value="true"></property>
    <property name="maven.plugin.unpacked.dir" value="C:\Documents and Settings\jbrains/.maven/plugins"></property>
    <property name="java.endorsed.dirs" value="D:\j2sdk1.4.2\jre\lib\endorsed"></property>
    <property name="maven.conf.dir" value="D:\home\jbrains\workspace\v3.0\jbrains\DiasparsoftToolkit/conf"></property>
    <property name="org.apache.commons.jelly.ant.Project" value="org.apache.commons.grant.GrantProject@1546dbc"></property>
    <property name="maven.xdoc.includeProjectDocumentation" value="yes"></property>
    <property name="maven.docs.omitXmlDeclaration" value="false"></property>
    <property name="sun.os.patch.level" value="Service Pack 4"></property>
    <property name="java.vendor.url" value="http://java.sun.com/"></property>
    <property name="maven.repo.central" value="login.ibiblio.org"></property>
    <property name="maven.tasklist.taskTag" value="@todo"></property>
    <property name="maven.checkstyle.format" value="sun"></property>
    <property name="maven.build.dir" value="D:\home\jbrains\workspace\v3.0\jbrains\DiasparsoftToolkit/target"></property>
    <property name="java.version" value="1.4.2"></property>
    <property name="maven.remote.group" value="maven"></property>
    <property name="maven.clover.report.html" value="true"></property>
    <property name="java.vendor.url.bug" value="http://java.sun.com/cgi-bin/bugreport.cgi"></property>
    <property name="diasparsoft-toolkit.home" value="d:/diasparsoft-toolkit"></property>
    <property name="maven.clover.instrument.tests" value="false"></property>
    <property name="maven.vdoclet.template" value="NOT_SET"></property>
    <property name="maven.junit.jvm" value=""></property>
    <property name="user.name" value="jbrains"></property>
    <property name="sun.io.unicode.encoding" value="UnicodeLittle"></property>
    <property name="maven.jxr.destdir.test" value="D:\home\jbrains\workspace\v3.0\jbrains\DiasparsoftToolkit/target/docs/xref-test"></property>
    <property name="maven.junit.printSummary" value="true"></property>
    <property name="maven.javadoc.stylesheet" value="/stylesheet.css"></property>
    <property name="sourcesPresent" value="true"></property>
    <property name="java.runtime.name" value="Java(TM) 2 Runtime Environment, Standard Edition"></property>
    <property name="maven.xdoc.date.format" value="dd MMMM yyyy"></property>
    <property name="maven.clover.build" value="D:\home\jbrains\workspace\v3.0\jbrains\DiasparsoftToolkit/target/clover"></property>
    <property name="maven.checkstyle.excludes" value=""></property>
    <property name="java.specification.name" value="Java Platform API Specification"></property>
    <property name="maven.clover.build.classes" value="D:\home\jbrains\workspace\v3.0\jbrains\DiasparsoftToolkit/target/clover/classes"></property>
    <property name="maven.clover.report.swing" value="false"></property>
    <property name="user.timezone" value=""></property>
    <property name="maven.checkstyle.cache.file" value="D:\home\jbrains\workspace\v3.0\jbrains\DiasparsoftToolkit/target/checkstyle-cachefile"></property>
    <property name="maven.javadoc.useexternalfile" value="yes"></property>
    <property name="maven.xdoc.poweredby.title" value="Built by Maven"></property>
    <property name="maven.ssh.executable" value="d:/putty/putty"></property>
    <property name="path.separator" value=";"></property>
    <property name="clover.flushpolicy.interval" value="500"></property>
    <property name="maven.xdoc.pomDocuments" value="cvs-usage.xml,index.xml,maven-reports.xml,dependencies.xml,issue-tracking.xml,mail-lists.xml,project-info.xml,team-list.xml,downloads.jelly"></property>
    <property name="file.encoding" value="Cp1252"></property>
    <property name="clover.preserve" value="false"></property>
    <property name="maven.antlr.target.dir" value="D:\home\jbrains\workspace\v3.0\jbrains\DiasparsoftToolkit/target/antlr"></property>
    <property name="systemScope" value="{java.runtime.name=Java(TM) 2 Runtime Environment, Standard Edition, sun.boot.library.path=d:\j2sdk1.4.2\jre\bin, java.vm.version=1.4.2-b28, java.vm.vendor=Sun Microsystems Inc., java.vendor.url=http://java.sun.com/, path.separator=;, java.vm.name=Java HotSpot(TM) Client VM, file.encoding.pkg=sun.io, user.country=US, sun.os.patch.level=Service Pack 4, java.vm.specification.name=Java Virtual Machine Specification, user.dir=D:\home\jbrains\workspace\v3.0\jbrains\DiasparsoftToolkit, java.runtime.version=1.4.2-b28, forehead.conf.file=d:\maven-1.0-rc3\bin\forehead.conf, java.awt.graphicsenv=sun.awt.Win32GraphicsEnvironment, java.endorsed.dirs=d:\j2sdk1.4.2\lib\endorsed;d:\maven-1.0-rc3\lib\endorsed, os.arch=x86, java.io.tmpdir=C:\DOCUME~1\jbrains\LOCALS~1\Temp\, line.separator=
, java.vm.specification.vendor=Sun Microsystems Inc., user.variant=, os.name=Windows 2000, sun.java2d.fontpath=, tools.jar=d:\j2sdk1.4.2\lib\tools.jar, javax.xml.parsers.SAXParserFactory=org.apache.xerces.jaxp.SAXParserFactoryImpl, java.library.path=d:\j2sdk1.4.2\bin;.;C:\WINNT\system32;C:\WINNT;C:\WINNT\system32;C:\WINNT;C:\WINNT\System32\Wbem;D:\websphere\wemps\bin;D:\mimer-9.2;D:\apache-ant-1.6.1\bin;d:\cvs;d:\borland\bcc55\bin;d:\retrosheet;C:\WINNT\Microsoft.NET\Framework\v1.1.4322;d:\maven-1.0-rc3\bin, java.specification.name=Java Platform API Specification, java.class.version=48.0, java.util.prefs.PreferencesFactory=java.util.prefs.WindowsPreferencesFactory, os.version=5.0, maven.mode.online=true, user.home=C:\Documents and Settings\jbrains, user.timezone=America/New_York, java.awt.printerjob=sun.awt.windows.WPrinterJob, file.encoding=Cp1252, java.specification.version=1.4, java.class.path=d:\maven-1.0-rc3\lib\forehead-1.0-beta-5.jar, user.name=jbrains, java.vm.specification.version=1.0, java.home=d:\j2sdk1.4.2\jre, sun.arch.data.model=32, user.language=en, java.specification.vendor=Sun Microsystems Inc., awt.toolkit=sun.awt.windows.WToolkit, java.vm.info=mixed mode, java.version=1.4.2, java.ext.dirs=d:\j2sdk1.4.2\jre\lib\ext, sun.boot.class.path=d:\maven-1.0-rc3\lib\endorsed\xerces-2.4.0.jar;d:\maven-1.0-rc3\lib\endorsed\xml-apis-1.0.b2.jar;d:\j2sdk1.4.2\jre\lib\rt.jar;d:\j2sdk1.4.2\jre\lib\i18n.jar;d:\j2sdk1.4.2\jre\lib\sunrsasign.jar;d:\j2sdk1.4.2\jre\lib\jsse.jar;d:\j2sdk1.4.2\jre\lib\jce.jar;d:\j2sdk1.4.2\jre\lib\charsets.jar;d:\j2sdk1.4.2\jre\classes, javax.xml.parsers.DocumentBuilderFactory=org.apache.xerces.jaxp.DocumentBuilderFactoryImpl, java.vendor=Sun Microsystems Inc., maven.home=d:\maven-1.0-rc3, file.separator=\, java.vendor.url.bug=http://java.sun.com/cgi-bin/bugreport.cgi, sun.io.unicode.encoding=UnicodeLittle, sun.cpu.endian=little, sun.cpu.isalist=pentium i486 i386}"></property>
    <property name="maven.junit.dir" value="D:\home\jbrains\workspace\v3.0\jbrains\DiasparsoftToolkit"></property>
    <property name="maven.activitylog.range" value="30"></property>
    <property name="maven.xdoc.poweredby.image" value="maven-button-1.png"></property>
    <property name="gsbase.version" value="2.0"></property>
    <property name="j2ee.home" value="d:/j2sdkee1.3.1"></property>
    <property name="maven.javadoc.package" value="true "></property>
    <property name="java.io.tmpdir" value="C:\DOCUME~1\jbrains\LOCALS~1\Temp\"></property>
    <property name="TODAY" value="June 8 2004"></property>
    <property name="maven.javadoc.destdir" value="D:\home\jbrains\workspace\v3.0\jbrains\DiasparsoftToolkit/target/docs/apidocs"></property>
    <property name="user.language" value="en"></property>
    <property name="maven.xdoc.date" value=""></property>
    <property name="maven.repo.central.directory" value="/public/html/maven"></property>
    <property name="maven.javadoc.private" value="false"></property>
    <property name="line.separator" value="
"></property>
    <property name="maven.repo.local" value="C:\Documents and Settings\jbrains/.maven/repository"></property>
    <property name="easymock.home" value="d:/easymock1.0"></property>
    <property name="maven.artifact.manifest.basedir" value="/plugin-resources/templates"></property>
    <property name="maven.junit.fork" value="true"></property>
    <property name="maven.junit.usefile" value="true"></property>
    <property name="maven.javadoc.author" value="true"></property>
    <property name="maven.junit.format" value="brief"></property>
    <property name="maven.compile.optimize" value="off"></property>
    <property name="java.vm.info" value="mixed mode"></property>
    <property name="maven.repo.remote.enabled" value="true"></property>
    <property name="java.util.prefs.PreferencesFactory" value="java.util.prefs.WindowsPreferencesFactory"></property>
    <property name="maven.javadoc.links" value=""></property>
    <property name="java.vm.specification.name" value="Java Virtual Machine Specification"></property>
    <property name="maven.emacsModeOn" value="false"></property>
    <property name="maven.build.dest" value="D:\home\jbrains\workspace\v3.0\jbrains\DiasparsoftToolkit/target/classes"></property>
    <property name="maven.compile.deprecation" value="off"></property>
    <property name="maven.jxr.stylesheet" value="/stylesheet.css"></property>
    <property name="maven.xdoc.projectInfo" value="cvs-usage.xml,dependencies.xml,issue-tracking.xml,mail-lists.xml,project-info.xml,team-list.xml,downloads.jelly"></property>
    <property name="parentScope" value="{maven.session=org.apache.maven.MavenSession@1f08ed8, java.vendor=org.apache.commons.jelly.expression.ConstantExpression@322bce[value=Sun Microsystems Inc.], gsbase.version=org.apache.commons.jelly.expression.ConstantExpression@1d9e282[value=2.0], os.name=org.apache.commons.jelly.expression.ConstantExpression@1a5db4b[value=Windows 2000], sun.boot.class.path=org.apache.commons.jelly.expression.ConstantExpression@1e0512a[value=d:\maven-1.0-rc3\lib\endorsed\xerces-2.4.0.jar;d:\maven-1.0-rc3\lib\endorsed\xml-apis-1.0.b2.jar;d:\j2sdk1.4.2\jre\lib\rt.jar;d:\j2sdk1.4.2\jre\lib\i18n.jar;d:\j2sdk1.4.2\jre\lib\sunrsasign.jar;d:\j2sdk1.4.2\jre\lib\jsse.jar;d:\j2sdk1.4.2\jre\lib\jce.jar;d:\j2sdk1.4.2\jre\lib\charsets.jar;d:\j2sdk1.4.2\jre\classes], j2ee.home=org.apache.commons.jelly.expression.ConstantExpression@1f0aecc[value=d:/j2sdkee1.3.1], maven.distBuildDirectory=org.apache.commons.jelly.expression.CompositeExpression@64023c[expressions=[org.apache.commons.jelly.expression.jexl.JexlExpressionFactory$ExpressionSupportLocal@1cebc9f[expression:basedir], org.apache.commons.jelly.expression.ConstantExpression@1c1ac46[value=/target]]], tools.jar=org.apache.commons.jelly.expression.ConstantExpression@1557c0[value=d:\j2sdk1.4.2\lib\tools.jar], sun.java2d.fontpath=org.apache.commons.jelly.expression.ConstantExpression@1342a67[value=], java.vm.specification.vendor=org.apache.commons.jelly.expression.ConstantExpression@1cbda0a[value=Sun Microsystems Inc.], java.runtime.version=org.apache.commons.jelly.expression.ConstantExpression@57ea52[value=1.4.2-b28], maven.repo.remote.enabled=org.apache.commons.jelly.expression.ConstantExpression@1d8d39f[value=true], systemScope={java.runtime.name=Java(TM) 2 Runtime Environment, Standard Edition, sun.boot.library.path=d:\j2sdk1.4.2\jre\bin, java.vm.version=1.4.2-b28, java.vm.vendor=Sun Microsystems Inc., java.vendor.url=http://java.sun.com/, path.separator=;, java.vm.name=Java HotSpot(TM) Client VM, file.encoding.pkg=sun.io, user.country=US, sun.os.patch.level=Service Pack 4, java.vm.specification.name=Java Virtual Machine Specification, user.dir=D:\home\jbrains\workspace\v3.0\jbrains\DiasparsoftToolkit, java.runtime.version=1.4.2-b28, forehead.conf.file=d:\maven-1.0-rc3\bin\forehead.conf, java.awt.graphicsenv=sun.awt.Win32GraphicsEnvironment, java.endorsed.dirs=d:\j2sdk1.4.2\lib\endorsed;d:\maven-1.0-rc3\lib\endorsed, os.arch=x86, java.io.tmpdir=C:\DOCUME~1\jbrains\LOCALS~1\Temp\, line.separator=
, java.vm.specification.vendor=Sun Microsystems Inc., user.variant=, os.name=Windows 2000, sun.java2d.fontpath=, tools.jar=d:\j2sdk1.4.2\lib\tools.jar, javax.xml.parsers.SAXParserFactory=org.apache.xerces.jaxp.SAXParserFactoryImpl, java.library.path=d:\j2sdk1.4.2\bin;.;C:\WINNT\system32;C:\WINNT;C:\WINNT\system32;C:\WINNT;C:\WINNT\System32\Wbem;D:\websphere\wemps\bin;D:\mimer-9.2;D:\apache-ant-1.6.1\bin;d:\cvs;d:\borland\bcc55\bin;d:\retrosheet;C:\WINNT\Microsoft.NET\Framework\v1.1.4322;d:\maven-1.0-rc3\bin, java.specification.name=Java Platform API Specification, java.class.version=48.0, java.util.prefs.PreferencesFactory=java.util.prefs.WindowsPreferencesFactory, os.version=5.0, maven.mode.online=true, user.home=C:\Documents and Settings\jbrains, user.timezone=America/New_York, java.awt.printerjob=sun.awt.windows.WPrinterJob, file.encoding=Cp1252, java.specification.version=1.4, java.class.path=d:\maven-1.0-rc3\lib\forehead-1.0-beta-5.jar, user.name=jbrains, java.vm.specification.version=1.0, java.home=d:\j2sdk1.4.2\jre, sun.arch.data.model=32, user.language=en, java.specification.vendor=Sun Microsystems Inc., awt.toolkit=sun.awt.windows.WToolkit, java.vm.info=mixed mode, java.version=1.4.2, java.ext.dirs=d:\j2sdk1.4.2\jre\lib\ext, sun.boot.class.path=d:\maven-1.0-rc3\lib\endorsed\xerces-2.4.0.jar;d:\maven-1.0-rc3\lib\endorsed\xml-apis-1.0.b2.jar;d:\j2sdk1.4.2\jre\lib\rt.jar;d:\j2sdk1.4.2\jre\lib\i18n.jar;d:\j2sdk1.4.2\jre\lib\sunrsasign.jar;d:\j2sdk1.4.2\jre\lib\jsse.jar;d:\j2sdk1.4.2\jre\lib\jce.jar;d:\j2sdk1.4.2\jre\lib\charsets.jar;d:\j2sdk1.4.2\jre\classes, javax.xml.parsers.DocumentBuilderFactory=org.apache.xerces.jaxp.DocumentBuilderFactoryImpl, java.vendor=Sun Microsystems Inc., maven.home=d:\maven-1.0-rc3, file.separator=\, java.vendor.url.bug=http://java.sun.com/cgi-bin/bugreport.cgi, sun.io.unicode.encoding=UnicodeLittle, sun.cpu.endian=little, sun.cpu.isalist=pentium i486 i386}, user.name=org.apache.commons.jelly.expression.ConstantExpression@2d95b3[value=jbrains], maven.debugOn=false, distribution.directory=org.apache.commons.jelly.expression.ConstantExpression@bf5555[value=d:/diasparsoft-toolkit], maven.compile.debug=org.apache.commons.jelly.expression.ConstantExpression@17b4703[value=on], maven.repo.local=org.apache.commons.jelly.expression.CompositeExpression@73305c[expressions=[org.apache.commons.jelly.expression.jexl.JexlExpressionFactory$ExpressionSupportLocal@6c1a82[expression:maven.home.local], org.apache.commons.jelly.expression.ConstantExpression@1408a92[value=/repository]]], maven.defaults.loaded=org.apache.commons.jelly.expression.ConstantExpression@4977e2[value=true], commons-collections.home=org.apache.commons.jelly.expression.ConstantExpression@15db13f[value=d:/commons-collections-2.1], javax.xml.parsers.SAXParserFactory=org.apache.commons.jelly.expression.ConstantExpression@1fc1a6[value=org.apache.xerces.jaxp.SAXParserFactoryImpl], maven.docs.omitXmlDeclaration=org.apache.commons.jelly.expression.ConstantExpression@e29820[value=false], user.language=org.apache.commons.jelly.expression.ConstantExpression@718242[value=en], sun.boot.library.path=org.apache.commons.jelly.expression.ConstantExpression@1ec58a[value=d:\j2sdk1.4.2\jre\bin], gsbase.home=org.apache.commons.jelly.expression.CompositeExpression@3afb99[expressions=[org.apache.commons.jelly.expression.ConstantExpression@5c3987[value=d:/gsbase-], org.apache.commons.jelly.expression.jexl.JexlExpressionFactory$ExpressionSupportLocal@c4d04d[expression:gsbase.version]]], maven.build.dest=org.apache.commons.jelly.expression.CompositeExpression@147917a[expressions=[org.apache.commons.jelly.expression.jexl.JexlExpressionFactory$ExpressionSupportLocal@19fe451[expression:maven.build.dir], org.apache.commons.jelly.expression.ConstantExpression@46b90a[value=/classes]]], maven.xmlOutput=org.apache.commons.jelly.XMLOutput$1@11e67ac[contentHandler=org.dom4j.io.XMLWriter@1284fd4;lexicalHandler=org.dom4j.io.XMLWriter@1284fd4], mockejb.home=org.apache.commons.jelly.expression.ConstantExpression@190ef12[value=d:/mockejb-0.5], java.version=org.apache.commons.jelly.expression.ConstantExpression@3f96ee[value=1.4.2], user.timezone=org.apache.commons.jelly.expression.ConstantExpression@ce16ad[value=], sun.arch.data.model=org.apache.commons.jelly.expression.ConstantExpression@32bd65[value=32], java.endorsed.dirs=org.apache.commons.jelly.expression.ConstantExpression@130633a[value=d:\j2sdk1.4.2\lib\endorsed;d:\maven-1.0-rc3\lib\endorsed], maven.property.inheritance=org.apache.commons.jelly.expression.ConstantExpression@1c286e2[value=true], sun.cpu.isalist=org.apache.commons.jelly.expression.ConstantExpression@257f1b[value=pentium i486 i386], file.encoding.pkg=org.apache.commons.jelly.expression.ConstantExpression@1bbdd48[value=sun.io], file.separator=org.apache.commons.jelly.expression.ConstantExpression@bcb23e[value=\], java.specification.name=org.apache.commons.jelly.expression.ConstantExpression@5a3923[value=Java Platform API Specification], maven.site.deploy.method=org.apache.commons.jelly.expression.ConstantExpression@15d616e[value=ftp], maven.src.dir=org.apache.commons.jelly.expression.CompositeExpression@1a7b0bf[expressions=[org.apache.commons.jelly.expression.jexl.JexlExpressionFactory$ExpressionSupportLocal@44f787[expression:basedir], org.apache.commons.jelly.expression.ConstantExpression@1d6fbb3[value=/src]]], java.class.version=org.apache.commons.jelly.expression.ConstantExpression@126d3df[value=48.0], distribution.version=org.apache.commons.jelly.expression.ConstantExpression@2016b0[value=0.22], user.country=org.apache.commons.jelly.expression.ConstantExpression@b1a4e2[value=US], maven.repo.central=org.apache.commons.jelly.expression.ConstantExpression@c00025[value=login.ibiblio.org], java.home=org.apache.commons.jelly.expression.ConstantExpression@149a794[value=d:\j2sdk1.4.2\jre], javax.xml.parsers.DocumentBuilderFactory=org.apache.commons.jelly.expression.ConstantExpression@9903f4[value=org.apache.xerces.jaxp.DocumentBuilderFactoryImpl], forehead.conf.file=org.apache.commons.jelly.expression.ConstantExpression@1d2b9b7[value=d:\maven-1.0-rc3\bin\forehead.conf], java.vm.info=org.apache.commons.jelly.expression.ConstantExpression@19ecd80[value=mixed mode], maven.junit.usefile=org.apache.commons.jelly.expression.ConstantExpression@c5aa00[value=true], os.version=org.apache.commons.jelly.expression.ConstantExpression@11c0d60[value=5.0], maven.conf.dir=org.apache.commons.jelly.expression.CompositeExpression@b23d12[expressions=[org.apache.commons.jelly.expression.jexl.JexlExpressionFactory$ExpressionSupportLocal@1c783c5[expression:basedir], org.apache.commons.jelly.expression.ConstantExpression@19c0bd6[value=/conf]]], path.separator=org.apache.commons.jelly.expression.ConstantExpression@1cd280b[value=;], java.vm.version=org.apache.commons.jelly.expression.ConstantExpression@29ac[value=1.4.2-b28], maven.build.dir=org.apache.commons.jelly.expression.CompositeExpression@b0095d[expressions=[org.apache.commons.jelly.expression.jexl.JexlExpressionFactory$ExpressionSupportLocal@136d9d8[expression:basedir], org.apache.commons.jelly.expression.ConstantExpression@1827d1[value=/target]]], java.util.prefs.PreferencesFactory=org.apache.commons.jelly.expression.ConstantExpression@1de45e2[value=java.util.prefs.WindowsPreferencesFactory], maven.password=org.apache.commons.jelly.expression.ConstantExpression@1be2893[value=kos5kie], user.variant=org.apache.commons.jelly.expression.ConstantExpression@159e154[value=], maven.ssh.executable=org.apache.commons.jelly.expression.ConstantExpression@1d87b85[value=d:/putty/putty], maven.emacsModeOn=false, java.awt.printerjob=org.apache.commons.jelly.expression.ConstantExpression@1958bf9[value=sun.awt.windows.WPrinterJob], sun.io.unicode.encoding=org.apache.commons.jelly.expression.ConstantExpression@118958e[value=UnicodeLittle], awt.toolkit=org.apache.commons.jelly.expression.ConstantExpression@102b2b6[value=sun.awt.windows.WToolkit], diasparsoft-toolkit.home=org.apache.commons.jelly.expression.ConstantExpression@22d166[value=d:/diasparsoft-toolkit], maven.compile.optimize=org.apache.commons.jelly.expression.ConstantExpression@1e1962d[value=off], user.home=org.apache.commons.jelly.expression.ConstantExpression@14a75bb[value=C:\Documents and Settings\jbrains], java.specification.vendor=org.apache.commons.jelly.expression.ConstantExpression@17779e3[value=Sun Microsystems Inc.], maven.final.dir=org.apache.commons.jelly.expression.CompositeExpression@e3570c[expressions=[org.apache.commons.jelly.expression.jexl.JexlExpressionFactory$ExpressionSupportLocal@167e3a5[expression:basedir], org.apache.commons.jelly.expression.ConstantExpression@1926e90[value=/], org.apache.commons.jelly.expression.jexl.JexlExpressionFactory$ExpressionSupportLocal@98ce7e[expression:maven.final.name]]], maven.build.src=org.apache.commons.jelly.expression.CompositeExpression@1cb7a1[expressions=[org.apache.commons.jelly.expression.jexl.JexlExpressionFactory$ExpressionSupportLocal@15bc6c8[expression:maven.build.dir], org.apache.commons.jelly.expression.ConstantExpression@578073[value=/src]]], maven.build=org.apache.commons.jelly.expression.ConstantExpression@b20352[value=MAVEN_BUILD_NOT_SET], java.library.path=org.apache.commons.jelly.expression.ConstantExpression@f8395f[value=d:\j2sdk1.4.2\bin;.;C:\WINNT\system32;C:\WINNT;C:\WINNT\system32;C:\WINNT;C:\WINNT\System32\Wbem;D:\websphere\wemps\bin;D:\mimer-9.2;D:\apache-ant-1.6.1\bin;d:\cvs;d:\borland\bcc55\bin;d:\retrosheet;C:\WINNT\Microsoft.NET\Framework\v1.1.4322;d:\maven-1.0-rc3\bin], java.vendor.url=org.apache.commons.jelly.expression.ConstantExpression@7e9ce2[value=http://java.sun.com/], easymock.home=org.apache.commons.jelly.expression.ConstantExpression@6dbdc9[value=d:/easymock1.0], httpunit.home=org.apache.commons.jelly.expression.ConstantExpression@c6eff5[value=d:/httpunit-1.5.3], java.vm.vendor=org.apache.commons.jelly.expression.ConstantExpression@b3f9b8[value=Sun Microsystems Inc.], maven.username=org.apache.commons.jelly.expression.ConstantExpression@1cfb802[value=diasparsoft], maven.home=org.apache.commons.jelly.expression.ConstantExpression@39c8c1[value=d:\maven-1.0-rc3], java.runtime.name=org.apache.commons.jelly.expression.ConstantExpression@1ab2b55[value=Java(TM) 2 Runtime Environment, Standard Edition], java.class.path=org.apache.commons.jelly.expression.ConstantExpression@aa0877[value=d:\maven-1.0-rc3\lib\forehead-1.0-beta-5.jar], target.j2ee.version=org.apache.commons.jelly.expression.ConstantExpression@111ded2[value=1.3], maven.remote.group=org.apache.commons.jelly.expression.ConstantExpression@3bc20e[value=maven], maven.gen.docs=org.apache.commons.jelly.expression.CompositeExpression@1415056[expressions=[org.apache.commons.jelly.expression.jexl.JexlExpressionFactory$ExpressionSupportLocal@1014e21[expression:maven.build.dir], org.apache.commons.jelly.expression.ConstantExpression@b09697[value=/generated-xdocs]]], context=org.apache.maven.jelly.MavenJellyContext@16eb6bc, maven.distDirectory=org.apache.commons.jelly.expression.CompositeExpression@19f03d7[expressions=[org.apache.commons.jelly.expression.jexl.JexlExpressionFactory$ExpressionSupportLocal@b51c29[expression:basedir], org.apache.commons.jelly.expression.ConstantExpression@4bf53e[value=/dist]]], maven.docs.dest=org.apache.commons.jelly.expression.CompositeExpression@d1e7c2[expressions=[org.apache.commons.jelly.expression.jexl.JexlExpressionFactory$ExpressionSupportLocal@c68a98[expression:maven.build.dir], org.apache.commons.jelly.expression.ConstantExpression@b51404[value=/docs]]], maven.compile.deprecation=org.apache.commons.jelly.expression.ConstantExpression@354749[value=off], java.vm.specification.name=org.apache.commons.jelly.expression.ConstantExpression@1db484d[value=Java Virtual Machine Specification], maven.docs.outputencoding=org.apache.commons.jelly.expression.ConstantExpression@167d7fb[value=ISO-8859-1], java.vm.specification.version=org.apache.commons.jelly.expression.ConstantExpression@94cb8b[value=1.0], sun.cpu.endian=org.apache.commons.jelly.expression.ConstantExpression@bf1d3b[value=little], sun.os.patch.level=org.apache.commons.jelly.expression.ConstantExpression@118278a[value=Service Pack 4], maven.plugin.unpacked.dir=org.apache.commons.jelly.expression.CompositeExpression@cc0e01[expressions=[org.apache.commons.jelly.expression.jexl.JexlExpressionFactory$ExpressionSupportLocal@ab7165[expression:maven.home.local], org.apache.commons.jelly.expression.ConstantExpression@1a1c42f[value=/plugins]]], java.io.tmpdir=org.apache.commons.jelly.expression.ConstantExpression@1570945[value=C:\DOCUME~1\jbrains\LOCALS~1\Temp\], maven.scp.executable=org.apache.commons.jelly.expression.ConstantExpression@121b59a[value=d:/putty/pscp], java.vendor.url.bug=org.apache.commons.jelly.expression.ConstantExpression@19a37a[value=http://java.sun.com/cgi-bin/bugreport.cgi], mockobjects.home=org.apache.commons.jelly.expression.CompositeExpression@13bdd36[expressions=[org.apache.commons.jelly.expression.ConstantExpression@1381960[value=d:/mockobjects-], org.apache.commons.jelly.expression.jexl.JexlExpressionFactory$ExpressionSupportLocal@9fa8f[expression:mockobjects.version]]], maven.xdoc.developmentProcessUrl=org.apache.commons.jelly.expression.ConstantExpression@120dbf3[value=http://www.xprogramming.com], htmlunit.home=org.apache.commons.jelly.expression.ConstantExpression@4845aa[value=d:/htmlunit-1.2.3], maven.final.name=org.apache.commons.jelly.expression.CompositeExpression@d5c0f9[expressions=[org.apache.commons.jelly.expression.jexl.JexlExpressionFactory$ExpressionSupportLocal@1701bdc[expression:pom.artifactId], org.apache.commons.jelly.expression.ConstantExpression@1353249[value=-], org.apache.commons.jelly.expression.jexl.JexlExpressionFactory$ExpressionSupportLocal@1786286[expression:pom.currentVersion]]], maven.distBuildIndicator=org.apache.commons.jelly.expression.ConstantExpression@8c5ea2[value=DIST_BUILD_DIRECTORY], os.arch=org.apache.commons.jelly.expression.ConstantExpression@198defc[value=x86], java.awt.graphicsenv=org.apache.commons.jelly.expression.ConstantExpression@1579a30[value=sun.awt.Win32GraphicsEnvironment], java.ext.dirs=org.apache.commons.jelly.expression.ConstantExpression@4bfe6b[value=d:\j2sdk1.4.2\jre\lib\ext], user.dir=org.apache.commons.jelly.expression.ConstantExpression@12c5431[value=D:\home\jbrains\workspace\v3.0\jbrains\DiasparsoftToolkit], maven.docs.src=org.apache.commons.jelly.expression.CompositeExpression@14b6bed[expressions=[org.apache.commons.jelly.expression.jexl.JexlExpressionFactory$ExpressionSupportLocal@9aba32[expression:basedir], org.apache.commons.jelly.expression.ConstantExpression@366573[value=/xdocs]]], maven.junit.fork=org.apache.commons.jelly.expression.ConstantExpression@13e75a5[value=yes], line.separator=org.apache.commons.jelly.expression.ConstantExpression@19da967[value=
], maven.xdoc.distributionUrl=org.apache.commons.jelly.expression.ConstantExpression@1dcc2a3[value=http://www.diasparsoftware.com/toolkit/download], java.vm.name=org.apache.commons.jelly.expression.ConstantExpression@6e8f94[value=Java HotSpot(TM) Client VM], basedir=D:\home\jbrains\workspace\v3.0\jbrains\DiasparsoftToolkit, maven.plugin.dir=org.apache.commons.jelly.expression.CompositeExpression@943dc4[expressions=[org.apache.commons.jelly.expression.jexl.JexlExpressionFactory$ExpressionSupportLocal@633d51[expression:maven.home], org.apache.commons.jelly.expression.ConstantExpression@14eaec9[value=/plugins]]], file.encoding=org.apache.commons.jelly.expression.ConstantExpression@b533b8[value=Cp1252], maven.repo.remote=org.apache.commons.jelly.expression.ConstantExpression@569c60[value=http://www.ibiblio.org/maven], junit-addons=org.apache.commons.jelly.expression.ConstantExpression@3468f4[value=d:/junit-addons-1.4/junit-addons-1.4.jar], java.specification.version=org.apache.commons.jelly.expression.ConstantExpression@d67067[value=1.4], target.jdk.version=org.apache.commons.jelly.expression.ConstantExpression@6db724[value=1.4], mockobjects.version=org.apache.commons.jelly.expression.ConstantExpression@112da40[value=0.09], maven.home.local=org.apache.commons.jelly.expression.CompositeExpression@b6d6ab[expressions=[org.apache.commons.jelly.expression.jexl.JexlExpressionFactory$ExpressionSupportLocal@1c7865b[expression:user.home], org.apache.commons.jelly.expression.ConstantExpression@45c97b[value=/.maven]]], maven.repo.central.directory=org.apache.commons.jelly.expression.ConstantExpression@1aecc3a[value=/public/html/maven]}"></property>
    <property name="maven.site.deploy.method" value="ftp"></property>
    <property name="maven.artifact.manifest.template" value="manifest.vm"></property>
    <property name="httpunit.home" value="d:/httpunit-1.5.3"></property>
    <property name="maven.password" value="kos5kie"></property>
    <property name="maven.plugin.dir" value="d:\maven-1.0-rc3/plugins"></property>
    <property name="org.apache.commons.jelly.werkz.Project" value="[Werkz: goals={javadoc=[Goal: name=&quot;javadoc&quot;]; precursor=[[Goal: name=&quot;maven-javadoc-plugin:report&quot;]; precursor=[[Goal: name=&quot;xdoc:init&quot;]; precursor=[]]]]]], license:transfer=[Goal: name=&quot;license:transfer&quot;]; precursor=[[Goal: name=&quot;xdoc:init&quot;]; precursor=[]]]], test:test=[Goal: name=&quot;test:test&quot;]; precursor=[[Goal: name=&quot;test:compile&quot;]; precursor=[[Goal: name=&quot;java:compile&quot;]; precursor=[[Goal: name=&quot;java:prepare-filesystem&quot;]; precursor=[]]]], [Goal: name=&quot;java:jar-resources&quot;]; precursor=[]], [Goal: name=&quot;test:prepare-filesystem&quot;]; precursor=[]], [Goal: name=&quot;test:test-resources&quot;]; precursor=[[Goal: name=&quot;test:prepare-filesystem&quot;]; precursor=[]]]]]]]], xdoc:jelly-init=[Goal: name=&quot;xdoc:jelly-init&quot;]; precursor=[]], javadoc:install-snapshot=[Goal: name=&quot;javadoc:install-snapshot&quot;]; precursor=[[Goal: name=&quot;javadoc:jar&quot;]; precursor=[[Goal: name=&quot;javadoc&quot;]; precursor=[[Goal: name=&quot;maven-javadoc-plugin:report&quot;]; precursor=[[Goal: name=&quot;xdoc:init&quot;]; precursor=[]]]]]]]]]], maven-developer-activity-plugin:deregister=[Goal: name=&quot;maven-developer-activity-plugin:deregister&quot;]; precursor=[]], test:single-test=[Goal: name=&quot;test:single-test&quot;]; precursor=[]], maven-checkstyle-plugin:deregister=[Goal: name=&quot;maven-checkstyle-plugin:deregister&quot;]; precursor=[]], checkstyle:run=[Goal: name=&quot;checkstyle:run&quot;]; precursor=[]], changes:report=[Goal: name=&quot;changes:report&quot;]; precursor=[]], maven-linkcheck-plugin:register=[Goal: name=&quot;maven-linkcheck-plugin:register&quot;]; precursor=[]], site:sshdeploy=[Goal: name=&quot;site:sshdeploy&quot;]; precursor=[[Goal: name=&quot;site:init&quot;]; precursor=[[Goal: name=&quot;xdoc:init&quot;]; precursor=[]]]]]], pom:deploy-snapshot=[Goal: name=&quot;pom:deploy-snapshot&quot;]; precursor=[]], maven-javadoc-plugin:register=[Goal: name=&quot;maven-javadoc-plugin:register&quot;]; precursor=[]], xdoc:init=[Goal: name=&quot;xdoc:init&quot;]; precursor=[]], maven-file-activity-plugin:deregister=[Goal: name=&quot;maven-file-activity-plugin:deregister&quot;]; precursor=[]], test=[Goal: name=&quot;test&quot;]; precursor=[[Goal: name=&quot;test:test&quot;]; precursor=[[Goal: name=&quot;test:compile&quot;]; precursor=[[Goal: name=&quot;java:compile&quot;]; precursor=[[Goal: name=&quot;java:prepare-filesystem&quot;]; precursor=[]]]], [Goal: name=&quot;java:jar-resources&quot;]; precursor=[]], [Goal: name=&quot;test:prepare-filesystem&quot;]; precursor=[]], [Goal: name=&quot;test:test-resources&quot;]; precursor=[[Goal: name=&quot;test:prepare-filesystem&quot;]; precursor=[]]]]]]]]]], maven-changelog-plugin:register=[Goal: name=&quot;maven-changelog-plugin:register&quot;]; precursor=[]], junit-report:report=[Goal: name=&quot;junit-report:report&quot;]; precursor=[]], site:run-reports=[Goal: name=&quot;site:run-reports&quot;]; precursor=[[Goal: name=&quot;xdoc:register-reports&quot;]; precursor=[]]]], clover:html-report=[Goal: name=&quot;clover:html-report&quot;]; precursor=[[Goal: name=&quot;clover:test&quot;]; precursor=[]], [Goal: name=&quot;clover:html-report-internal&quot;]; precursor=[]]]], maven-javadoc-plugin:report=[Goal: name=&quot;maven-javadoc-plugin:report&quot;]; precursor=[[Goal: name=&quot;xdoc:init&quot;]; precursor=[]]]], maven-changes-plugin:register=[Goal: name=&quot;maven-changes-plugin:register&quot;]; precursor=[]], javadoc:jar=[Goal: name=&quot;javadoc:jar&quot;]; precursor=[[Goal: name=&quot;javadoc&quot;]; precursor=[[Goal: name=&quot;maven-javadoc-plugin:report&quot;]; precursor=[[Goal: name=&quot;xdoc:init&quot;]; precursor=[]]]]]]]], maven-linkcheck-plugin:clearcache=[Goal: name=&quot;maven-linkcheck-plugin:clearcache&quot;]; precursor=[]], clover:on=[Goal: name=&quot;clover:on&quot;]; precursor=[[Goal: name=&quot;clover:init&quot;]; precursor=[]]]], java:compile=[Goal: name=&quot;java:compile&quot;]; precursor=[[Goal: name=&quot;java:prepare-filesystem&quot;]; precursor=[]]]], maven-clover-plugin:register=[Goal: name=&quot;maven-clover-plugin:register&quot;]; precursor=[]], javadoc:install=[Goal: name=&quot;javadoc:install&quot;]; precursor=[[Goal: name=&quot;javadoc:jar&quot;]; precursor=[[Goal: name=&quot;javadoc&quot;]; precursor=[[Goal: name=&quot;maven-javadoc-plugin:report&quot;]; precursor=[[Goal: name=&quot;xdoc:init&quot;]; precursor=[]]]]]]]]]], build:start=[Goal: name=&quot;build:start&quot;]; precursor=[]], maven-jxr-plugin:register=[Goal: name=&quot;maven-jxr-plugin:register&quot;]; precursor=[]], jar:jar=[Goal: name=&quot;jar:jar&quot;]; precursor=[]], pom:install=[Goal: name=&quot;pom:install&quot;]; precursor=[]], maven-file-activity-plugin:register=[Goal: name=&quot;maven-file-activity-plugin:register&quot;]; precursor=[]], maven-junit-report-plugin:report=[Goal: name=&quot;maven-junit-report-plugin:report&quot;]; precursor=[[Goal: name=&quot;junit-report:report&quot;]; precursor=[]]]], clover:test=[Goal: name=&quot;clover:test&quot;]; precursor=[]], maven-clover-plugin:deregister=[Goal: name=&quot;maven-clover-plugin:deregister&quot;]; precursor=[]], clover:swing-report-internal=[Goal: name=&quot;clover:swing-report-internal&quot;]; precursor=[]], test:test-resources=[Goal: name=&quot;test:test-resources&quot;]; precursor=[[Goal: name=&quot;test:prepare-filesystem&quot;]; precursor=[]]]], xdoc:performJSL=[Goal: name=&quot;xdoc:performJSL&quot;]; precursor=[]], clover:init=[Goal: name=&quot;clover:init&quot;]; precursor=[]], xdoc:copy-resources=[Goal: name=&quot;xdoc:copy-resources&quot;]; precursor=[[Goal: name=&quot;xdoc:init&quot;]; precursor=[]]]], maven-jxr-plugin:deregister=[Goal: name=&quot;maven-jxr-plugin:deregister&quot;]; precursor=[]], site:generate=[Goal: name=&quot;site:generate&quot;]; precursor=[[Goal: name=&quot;site&quot;]; precursor=[]]]], javadoc:generate=[Goal: name=&quot;javadoc:generate&quot;]; precursor=[[Goal: name=&quot;maven-javadoc-plugin:report&quot;]; precursor=[[Goal: name=&quot;xdoc:init&quot;]; precursor=[]]]]]], maven-javadoc-plugin:deregister=[Goal: name=&quot;maven-javadoc-plugin:deregister&quot;]; precursor=[]], maven-tasklist-plugin:deregister=[Goal: name=&quot;maven-tasklist-plugin:deregister&quot;]; precursor=[]], test:ui=[Goal: name=&quot;test:ui&quot;]; precursor=[[Goal: name=&quot;test:compile&quot;]; precursor=[[Goal: name=&quot;java:compile&quot;]; precursor=[[Goal: name=&quot;java:prepare-filesystem&quot;]; precursor=[]]]], [Goal: name=&quot;java:jar-resources&quot;]; precursor=[]], [Goal: name=&quot;test:prepare-filesystem&quot;]; precursor=[]], [Goal: name=&quot;test:test-resources&quot;]; precursor=[[Goal: name=&quot;test:prepare-filesystem&quot;]; precursor=[]]]]]]]], maven-developer-activity-plugin:register=[Goal: name=&quot;maven-developer-activity-plugin:register&quot;]; precursor=[]], site:ear=[Goal: name=&quot;site:ear&quot;]; precursor=[[Goal: name=&quot;site:war&quot;]; precursor=[[Goal: name=&quot;site:init&quot;]; precursor=[[Goal: name=&quot;xdoc:init&quot;]; precursor=[]]]], [Goal: name=&quot;site&quot;]; precursor=[]]]]]], maven-license-plugin:deregister=[Goal: name=&quot;maven-license-plugin:deregister&quot;]; precursor=[]], clover:swing-report=[Goal: name=&quot;clover:swing-report&quot;]; precursor=[[Goal: name=&quot;clover:test&quot;]; precursor=[]], [Goal: name=&quot;clover:swing-report-internal&quot;]; precursor=[]]]], site:ftpdeploy=[Goal: name=&quot;site:ftpdeploy&quot;]; precursor=[[Goal: name=&quot;site:init&quot;]; precursor=[[Goal: name=&quot;xdoc:init&quot;]; precursor=[]]]]]], checkstyle:report=[Goal: name=&quot;checkstyle:report&quot;]; precursor=[[Goal: name=&quot;checkstyle:init&quot;]; precursor=[]]]], pom:validate=[Goal: name=&quot;pom:validate&quot;]; precursor=[[Goal: name=&quot;pom:verify-version&quot;]; precursor=[]]]], maven-changelog-plugin:report=[Goal: name=&quot;maven-changelog-plugin:report&quot;]; precursor=[]], maven-changes-plugin:deregister=[Goal: name=&quot;maven-changes-plugin:deregister&quot;]; precursor=[]], maven-tasklist-plugin:register=[Goal: name=&quot;maven-tasklist-plugin:register&quot;]; precursor=[]], java:prepare-filesystem=[Goal: name=&quot;java:prepare-filesystem&quot;]; precursor=[]], xdoc:register-reports=[Goal: name=&quot;xdoc:register-reports&quot;]; precursor=[]], pom:taglib=[Goal: name=&quot;pom:taglib&quot;]; precursor=[]], maven-junit-report-plugin:register=[Goal: name=&quot;maven-junit-report-plugin:register&quot;]; precursor=[]], maven-linkcheck-plugin:deregister=[Goal: name=&quot;maven-linkcheck-plugin:deregister&quot;]; precursor=[]], antlr:prepare-filesystem=[Goal: name=&quot;antlr:prepare-filesystem&quot;]; precursor=[]], java:jar-resources=[Goal: name=&quot;java:jar-resources&quot;]; precursor=[]], clover=[Goal: name=&quot;clover&quot;]; precursor=[[Goal: name=&quot;clover:report&quot;]; precursor=[]]]], maven-jdepend-plugin:report=[Goal: name=&quot;maven-jdepend-plugin:report&quot;]; precursor=[]], antlr:generate=[Goal: name=&quot;antlr:generate&quot;]; precursor=[[Goal: name=&quot;antlr:prepare-filesystem&quot;]; precursor=[]]]], tasklist=[Goal: name=&quot;tasklist&quot;]; precursor=[[Goal: name=&quot;maven-tasklist-plugin:report&quot;]; precursor=[[Goal: name=&quot;xdoc:init&quot;]; precursor=[]]]]]], pom=[Goal: name=&quot;pom&quot;]; precursor=[[Goal: name=&quot;pom:validate&quot;]; precursor=[[Goal: name=&quot;pom:verify-version&quot;]; precursor=[]]]]]], java:jar=[Goal: name=&quot;java:jar&quot;]; precursor=[[Goal: name=&quot;jar:jar&quot;]; precursor=[]]]], maven-changelog-plugin:deregister=[Goal: name=&quot;maven-changelog-plugin:deregister&quot;]; precursor=[]], maven-tasklist-plugin:report=[Goal: name=&quot;maven-tasklist-plugin:report&quot;]; precursor=[[Goal: name=&quot;xdoc:init&quot;]; precursor=[]]]], pom:deploy=[Goal: name=&quot;pom:deploy&quot;]; precursor=[]], maven-developer-activity-plugin:report=[Goal: name=&quot;maven-developer-activity-plugin:report&quot;]; precursor=[]], test:single=[Goal: name=&quot;test:single&quot;]; precursor=[[Goal: name=&quot;test:compile&quot;]; precursor=[[Goal: name=&quot;java:compile&quot;]; precursor=[[Goal: name=&quot;java:prepare-filesystem&quot;]; precursor=[]]]], [Goal: name=&quot;java:jar-resources&quot;]; precursor=[]], [Goal: name=&quot;test:prepare-filesystem&quot;]; precursor=[]], [Goal: name=&quot;test:test-resources&quot;]; precursor=[[Goal: name=&quot;test:prepare-filesystem&quot;]; precursor=[]]]]]]]], build:end=[Goal: name=&quot;build:end&quot;]; precursor=[]], checkstyle=[Goal: name=&quot;checkstyle&quot;]; precursor=[[Goal: name=&quot;checkstyle:report&quot;]; precursor=[[Goal: name=&quot;checkstyle:init&quot;]; precursor=[]]]]]], xdoc:generate-from-pom=[Goal: name=&quot;xdoc:generate-from-pom&quot;]; precursor=[[Goal: name=&quot;xdoc:init&quot;]; precursor=[]], [Goal: name=&quot;xdoc:register-reports&quot;]; precursor=[]]]], maven-license-plugin:register=[Goal: name=&quot;maven-license-plugin:register&quot;]; precursor=[]], javadoc:deploy-snapshot=[Goal: name=&quot;javadoc:deploy-snapshot&quot;]; precursor=[[Goal: name=&quot;javadoc:jar&quot;]; precursor=[[Goal: name=&quot;javadoc&quot;]; precursor=[[Goal: name=&quot;maven-javadoc-plugin:report&quot;]; precursor=[[Goal: name=&quot;xdoc:init&quot;]; precursor=[]]]]]]]]]], site:deploy=[Goal: name=&quot;site:deploy&quot;]; precursor=[]], xdoc:transform=[Goal: name=&quot;xdoc:transform&quot;]; precursor=[[Goal: name=&quot;xdoc:init&quot;]; precursor=[]]]], pom:contentvalidate=[Goal: name=&quot;pom:contentvalidate&quot;]; precursor=[]], xdoc:jelly-transform=[Goal: name=&quot;xdoc:jelly-transform&quot;]; precursor=[[Goal: name=&quot;xdoc:init&quot;]; precursor=[]], [Goal: name=&quot;xdoc:jelly-init&quot;]; precursor=[]], [Goal: name=&quot;xdoc:register-reports&quot;]; precursor=[]]]], maven-clover-plugin:report=[Goal: name=&quot;maven-clover-plugin:report&quot;]; precursor=[]], artifact:load=[Goal: name=&quot;artifact:load&quot;]; precursor=[]], maven-jdepend-plugin:deregister=[Goal: name=&quot;maven-jdepend-plugin:deregister&quot;]; precursor=[]], license=[Goal: name=&quot;license&quot;]; precursor=[[Goal: name=&quot;license:transfer&quot;]; precursor=[[Goal: name=&quot;xdoc:init&quot;]; precursor=[]]]]]], test:prepare-filesystem=[Goal: name=&quot;test:prepare-filesystem&quot;]; precursor=[]], maven-file-activity-plugin:report=[Goal: name=&quot;maven-file-activity-plugin:report&quot;]; precursor=[]], maven-license-plugin:report=[Goal: name=&quot;maven-license-plugin:report&quot;]; precursor=[]], clover:xml-report-internal=[Goal: name=&quot;clover:xml-report-internal&quot;]; precursor=[]], site:fsdeploy=[Goal: name=&quot;site:fsdeploy&quot;]; precursor=[[Goal: name=&quot;site:init&quot;]; precursor=[[Goal: name=&quot;xdoc:init&quot;]; precursor=[]]]]]], maven-jxr-plugin:report=[Goal: name=&quot;maven-jxr-plugin:report&quot;]; precursor=[]], clover:html-report-internal=[Goal: name=&quot;clover:html-report-internal&quot;]; precursor=[]], maven-linkcheck-plugin:report=[Goal: name=&quot;maven-linkcheck-plugin:report&quot;]; precursor=[]], xdoc:validate=[Goal: name=&quot;xdoc:validate&quot;]; precursor=[[Goal: name=&quot;pom:taglib&quot;]; precursor=[]]]], xdoc=[Goal: name=&quot;xdoc&quot;]; precursor=[[Goal: name=&quot;xdoc:generate-from-pom&quot;]; precursor=[[Goal: name=&quot;xdoc:init&quot;]; precursor=[]], [Goal: name=&quot;xdoc:register-reports&quot;]; precursor=[]]]], [Goal: name=&quot;xdoc:transform&quot;]; precursor=[[Goal: name=&quot;xdoc:init&quot;]; precursor=[]]]]]], clover:xml-report=[Goal: name=&quot;clover:xml-report&quot;]; precursor=[[Goal: name=&quot;clover:test&quot;]; precursor=[]], [Goal: name=&quot;clover:xml-report-internal&quot;]; precursor=[]]]], maven-linkcheck-plugin:report-real=[Goal: name=&quot;maven-linkcheck-plugin:report-real&quot;]; precursor=[]], javadoc:deploy=[Goal: name=&quot;javadoc:deploy&quot;]; precursor=[[Goal: name=&quot;javadoc:jar&quot;]; precursor=[[Goal: name=&quot;javadoc&quot;]; precursor=[[Goal: name=&quot;maven-javadoc-plugin:report&quot;]; precursor=[[Goal: name=&quot;xdoc:init&quot;]; precursor=[]]]]]]]]]], test:compile=[Goal: name=&quot;test:compile&quot;]; precursor=[[Goal: name=&quot;java:compile&quot;]; precursor=[[Goal: name=&quot;java:prepare-filesystem&quot;]; precursor=[]]]], [Goal: name=&quot;java:jar-resources&quot;]; precursor=[]], [Goal: name=&quot;test:prepare-filesystem&quot;]; precursor=[]], [Goal: name=&quot;test:test-resources&quot;]; precursor=[[Goal: name=&quot;test:prepare-filesystem&quot;]; precursor=[]]]]]], clover:off=[Goal: name=&quot;clover:off&quot;]; precursor=[]], checkstyle:init=[Goal: name=&quot;checkstyle:init&quot;]; precursor=[]], site:war=[Goal: name=&quot;site:war&quot;]; precursor=[[Goal: name=&quot;site:init&quot;]; precursor=[[Goal: name=&quot;xdoc:init&quot;]; precursor=[]]]], [Goal: name=&quot;site&quot;]; precursor=[]]]], xdoc:copy-user-resources=[Goal: name=&quot;xdoc:copy-user-resources&quot;]; precursor=[[Goal: name=&quot;xdoc:init&quot;]; precursor=[]]]], pom:install-snapshot=[Goal: name=&quot;pom:install-snapshot&quot;]; precursor=[]], site:init=[Goal: name=&quot;site:init&quot;]; precursor=[[Goal: name=&quot;xdoc:init&quot;]; precursor=[]]]], maven-checkstyle-plugin:register=[Goal: name=&quot;maven-checkstyle-plugin:register&quot;]; precursor=[]], test:match-test=[Goal: name=&quot;test:match-test&quot;]; precursor=[]], clover:report=[Goal: name=&quot;clover:report&quot;]; precursor=[]], maven-junit-report-plugin:deregister=[Goal: name=&quot;maven-junit-report-plugin:deregister&quot;]; precursor=[]], maven-jdepend-plugin:register=[Goal: name=&quot;maven-jdepend-plugin:register&quot;]; precursor=[]], changelog:create-cvspass=[Goal: name=&quot;changelog:create-cvspass&quot;]; precursor=[]], xdoc:dump-report-settings=[Goal: name=&quot;xdoc:dump-report-settings&quot;]; precursor=[]], site=[Goal: name=&quot;site&quot;]; precursor=[]], test:eclipse=[Goal: name=&quot;test:eclipse&quot;]; precursor=[]], pom:verify-version=[Goal: name=&quot;pom:verify-version&quot;]; precursor=[]], test:match=[Goal: name=&quot;test:match&quot;]; precursor=[[Goal: name=&quot;test:compile&quot;]; precursor=[[Goal: name=&quot;java:compile&quot;]; precursor=[[Goal: name=&quot;java:prepare-filesystem&quot;]; precursor=[]]]], [Goal: name=&quot;java:jar-resources&quot;]; precursor=[]], [Goal: name=&quot;test:prepare-filesystem&quot;]; precursor=[]], [Goal: name=&quot;test:test-resources&quot;]; precursor=[[Goal: name=&quot;test:prepare-filesystem&quot;]; precursor=[]]]]]]]]};]"></property>
    <property name="java.awt.printerjob" value="sun.awt.windows.WPrinterJob"></property>
    <property name="forehead.conf.file" value="d:\maven-1.0-rc3\bin\forehead.conf"></property>
    <property name="maven.final.name" value="diasparsoftToolkit-0.22"></property>
    <property name="maven.changelog.basedir" value="D:\home\jbrains\workspace\v3.0\jbrains\DiasparsoftToolkit"></property>
    <property name="maven.changes.issue.template" value="%URL%/ViewIssue.jspa?key=%ISSUE%"></property>
    <property name="testSrcSetString" value="D:\home\jbrains\workspace\v3.0\jbrains\DiasparsoftToolkit\test\source"></property>
    <property name="maven.xdoc.distributionType" value="jar"></property>
    <property name="compileSrcSetString" value="D:\home\jbrains\workspace\v3.0\jbrains\DiasparsoftToolkit\source"></property>
    <property name="maven.scp.executable" value="d:/putty/pscp"></property>
    <property name="maven.docs.dest" value="D:\home\jbrains\workspace\v3.0\jbrains\DiasparsoftToolkit/target/docs"></property>
    <property name="maven.linkcheck.cache" value="D:\home\jbrains\workspace\v3.0\jbrains\DiasparsoftToolkit/target/linkcheck/linkcheck.cache"></property>
    <property name="htmlunit.home" value="d:/htmlunit-1.2.3"></property>
    <property name="os.name" value="Windows 2000"></property>
    <property name="java.specification.vendor" value="Sun Microsystems Inc."></property>
    <property name="maven.docs.src" value="D:\home\jbrains\workspace\v3.0\jbrains\DiasparsoftToolkit/xdocs"></property>
    <property name="java.vm.name" value="Java HotSpot(TM) Client VM"></property>
    <property name="maven.changelog.range" value="30"></property>
    <property name="clover.enable" value="true"></property>
    <property name="java.library.path" value="D:\j2sdk1.4.2\jre\bin;.;C:\WINNT\system32;C:\WINNT;C:\WINNT\system32;C:\WINNT;C:\WINNT\System32\Wbem;D:\websphere\wemps\bin;D:\mimer-9.2;D:\apache-ant-1.6.1\bin;d:\cvs;d:\borland\bcc55\bin;d:\retrosheet;C:\WINNT\Microsoft.NET\Framework\v1.1.4322;d:\maven-1.0-rc3\bin"></property>
    <property name="maven.javadoc.use" value="true"></property>
    <property name="maven.build" value="MAVEN_BUILD_NOT_SET"></property>
    <property name="ant.java.version" value="1.4"></property>
    <property name="basedir" value="D:\home\jbrains\workspace\v3.0\jbrains\DiasparsoftToolkit"></property>
    <property name="java.class.version" value="48.0"></property>
    <property name="dir__" value="D:\home\jbrains\workspace\v3.0\jbrains\DiasparsoftToolkit\test\sourceX"></property>
    <property name="maven.checkstyle.usefile" value="true"></property>
    <property name="maven.xdoc.poweredby.url" value="http://maven.apache.org/"></property>
    <property name="maven.final.dir" value="D:\home\jbrains\workspace\v3.0\jbrains\DiasparsoftToolkit/diasparsoftToolkit-0.22"></property>
    <property name="maven.xdoc.developmentProcessUrl" value="http://www.xprogramming.com"></property>
    <property name="maven.mode.online" value="true"></property>
    <property name="maven.checkstyle.cache.dir" value="D:\home\jbrains\workspace\v3.0\jbrains\DiasparsoftToolkit\target"></property>
    <property name="maven.clover.database.dir" value="D:\home\jbrains\workspace\v3.0\jbrains\DiasparsoftToolkit/target/clover/database"></property>
    <property name="maven.test.dest" value="D:\home\jbrains\workspace\v3.0\jbrains\DiasparsoftToolkit/target/test-classes"></property>
    <property name="maven.clover.orderBy" value="PcCoveredAsc"></property>
    <property name="maven.session.global" value="com.werken.werkz.jelly.JellySession@e22f2b"></property>
    <property name="maven.xmlOutput" value="org.apache.commons.jelly.XMLOutput$1@11e67ac[contentHandler=org.dom4j.io.XMLWriter@1284fd4;lexicalHandler=org.dom4j.io.XMLWriter@1284fd4]"></property>
    <property name="maven.site.tar.executable" value="tar"></property>
    <property name="maven.test.skip" value="false"></property>
    <property name="maven.src.dir" value="D:\home\jbrains\workspace\v3.0\jbrains\DiasparsoftToolkit/src"></property>
    <property name="sun.boot.library.path" value="D:\j2sdk1.4.2\jre\bin"></property>
    <property name="java.awt.graphicsenv" value="sun.awt.Win32GraphicsEnvironment"></property>
    <property name="year" value="2003-2004"></property>
    <property name="user.variant" value=""></property>
    <property name="maven.checkstyle.includes" value="**/*.java"></property>
    <property name="maven.jxr.templateDir" value="/templates"></property>
    <property name="maven.junit.envvars" value=""></property>
    <property name="maven.javadoc.windowtitle" value="Diasparsoft Toolkit 0.22 API"></property>
    <property name="maven.compile.target" value="1.1"></property>
    <property name="maven.session" value="org.apache.maven.MavenSession@1f08ed8"></property>
    <property name="maven.xdoc.crumb.separator" value="|"></property>
    <property name="java.vm.specification.version" value="1.0"></property>
    <property name="pom" value="Diasparsoft Toolkit"></property>
    <property name="maven.test.reportsDirectory" value="D:\home\jbrains\workspace\v3.0\jbrains\DiasparsoftToolkit/target/test-reports"></property>
    <property name="awt.toolkit" value="sun.awt.windows.WToolkit"></property>
    <property name="sun.cpu.isalist" value="pentium i486 i386"></property>
    <property name="unitTestSourcesPresent" value="true"></property>
    <property name="maven.ant.project" value="org.apache.commons.grant.GrantProject@1546dbc"></property>
    <property name="maven.compile.source" value="1.3"></property>
    <property name="java.ext.dirs" value="D:\j2sdk1.4.2\jre\lib\ext"></property>
    <property name="maven.javadoc.public" value="false"></property>
    <property name="os.version" value="5.0"></property>
    <property name="maven.vdoclet.destDir" value="NOT_SET"></property>
    <property name="user.home" value="C:\Documents and Settings\jbrains"></property>
    <property name="maven.xdoc.date.locale" value="en"></property>
    <property name="javax.xml.parsers.DocumentBuilderFactory" value="org.apache.xerces.jaxp.DocumentBuilderFactoryImpl"></property>
    <property name="java.vm.vendor" value="Sun Microsystems Inc."></property>
    <property name="currentYear" value="2004"></property>
    <property name="copyright" value="Copyright &amp;copy; 2003-2004 Diaspar Software Services, Inc.. All Rights Reserved."></property>
    <property name="mockejb.home" value="d:/mockejb-0.5"></property>
    <property name="maven.changelog.factory" value="org.apache.maven.cvslib.CvsChangeLogFactory"></property>
    <property name="maven.jxr.destdir" value="D:\home\jbrains\workspace\v3.0\jbrains\DiasparsoftToolkit/target/docs/xref"></property>
    <property name="commons-collections.home" value="d:/commons-collections-2.1"></property>
    <property name="maven.xdoc.theme.url" value=""></property>
    <property name="user.dir" value="D:\home\jbrains\workspace\v3.0\jbrains\DiasparsoftToolkit"></property>
    <property name="maven.artifact.manifest.extensions.add" value="false"></property>
    <property name="maven.xdoc.theme" value="theme"></property>
    <property name="maven.build.src" value="D:\home\jbrains\workspace\v3.0\jbrains\DiasparsoftToolkit/target/src"></property>
    <property name="maven.site.gunzip.executable" value="gunzip"></property>
    <property name="build.compiler" value="org.apache.tools.ant.taskdefs.CloverCompilerAdapter"></property>
    <property name="maven.distDirectory" value="D:\home\jbrains\workspace\v3.0\jbrains\DiasparsoftToolkit/dist"></property>
    <property name="sun.cpu.endian" value="little"></property>
    <property name="project" value="org.apache.commons.grant.GrantProject@1546dbc"></property>
    <property name="distribution.directory" value="d:/diasparsoft-toolkit"></property>
    <property name="target.jdk.version" value="1.4"></property>
    <property name="maven.defaults.loaded" value="true"></property>
    <property name="maven.username" value="diasparsoft"></property>
    <property name="java.vm.version" value="1.4.2-b28"></property>
    <property name="maven.checkstyle.fail.on.violation" value="false"></property>
    <property name="java.class.path" value="D:\home\jbrains\workspace\v3.0\jbrains\DiasparsoftToolkit\target\test-classes;D:\home\jbrains\workspace\v3.0\jbrains\DiasparsoftToolkit\target\clover\classes;C:\Documents and Settings\jbrains\.maven\repository\junit\jars\junit-3.8.1.jar;C:\Documents and Settings\jbrains\.maven\repository\gsbase\jars\gsbase-2.0.jar;C:\Documents and Settings\jbrains\.maven\repository\commons-collections\jars\commons-collections-2.1.jar;C:\Documents and Settings\jbrains\.maven\repository\j2ee\jars\j2ee-1.3.1.jar;C:\Documents and Settings\jbrains\.maven\repository\xerces\jars\xerces-2.4.0.jar;C:\Documents and Settings\jbrains\.maven\repository\xmlParserAPIs\jars\xmlParserAPIs-2.2.1.jar;C:\Documents and Settings\jbrains\.maven\repository\xercesImpl\jars\xercesImpl-2.4.0.jar;C:\Documents and Settings\jbrains\.maven\repository\mockobjects-jdk1.4-j2ee1.3\jars\mockobjects-jdk1.4-j2ee1.3-0.09.jar;C:\Documents and Settings\jbrains\.maven\repository\mockobjects-jdk1.4\jars\mockobjects-jdk1.4-0.09.jar;C:\Documents and Settings\jbrains\.maven\repository\mockobjects-core\jars\mockobjects-core-0.09.jar;C:\Documents and Settings\jbrains\.maven\repository\xmlunit\jars\xmlunit-1.0.jar;C:\Documents and Settings\jbrains\.maven\repository\easymock\jars\easymock-1.0.jar;C:\Documents and Settings\jbrains\.maven\repository\mockejb\jars\mockejb-0.5.jar;C:\Documents and Settings\jbrains\.maven\repository\htmlunit\jars\htmlunit-1.2.3.jar;C:\Documents and Settings\jbrains\.maven\repository\commons-httpclient\jars\commons-httpclient-2.0-beta2.jar;C:\Documents and Settings\jbrains\.maven\repository\commons-logging\jars\commons-logging-1.0.2.jar;C:\Documents and Settings\jbrains\.maven\repository\junit-addons\jars\junit-addons-1.4.jar;C:\Documents and Settings\jbrains\.maven\repository\nekohtml\jars\nekohtml-0.9.2.jar;C:\Documents and Settings\jbrains\.maven\repository\clover\jars\clover-1.2.3.jar;C:\Documents and Settings\jbrains\.maven\repository\xml-apis\jars\xml-apis-1.0.b2.jar;D:\maven-1.0-rc3\lib\ant-1.5.3-1.jar;D:\maven-1.0-rc3\lib\ant-optional-1.5.3-1.jar"></property>
    <property name="javax.xml.parsers.SAXParserFactory" value="org.apache.xerces.jaxp.SAXParserFactoryImpl"></property>
    <property name="DSTAMP" value="20040608"></property>
    <property name="maven.debugOn" value="false"></property>
    <property name="os.arch" value="x86"></property>
    <property name="junit-addons" value="d:/junit-addons-1.4/junit-addons-1.4.jar"></property>
    <property name="maven.junit.jvmargs" value=""></property>
    <property name="maven.xdoc.distributionUrl" value="http://www.diasparsoftware.com/toolkit/download"></property>
    <property name="clover.flushpolicy" value="interval"></property>
    <property name="maven.repo.remote" value="http://www.ibiblio.org/maven"></property>
    <property name="gsbase.home" value="d:/gsbase-2.0"></property>
    <property name="maven.license.licenseFile" value="D:\home\jbrains\workspace\v3.0\jbrains\DiasparsoftToolkit/LICENSE.txt"></property>
    <property name="java.vm.specification.vendor" value="Sun Microsystems Inc."></property>
    <property name="TSTAMP" value="1240"></property>
    <property name="file.separator" value="\"></property>
    <property name="maven.gen.docs" value="D:\home\jbrains\workspace\v3.0\jbrains\DiasparsoftToolkit/target/generated-xdocs"></property>
    <property name="java.runtime.version" value="1.4.2-b28"></property>
    <property name="sun.boot.class.path" value="D:\j2sdk1.4.2\jre\lib\rt.jar;D:\j2sdk1.4.2\jre\lib\i18n.jar;D:\j2sdk1.4.2\jre\lib\sunrsasign.jar;D:\j2sdk1.4.2\jre\lib\jsse.jar;D:\j2sdk1.4.2\jre\lib\jce.jar;D:\j2sdk1.4.2\jre\lib\charsets.jar;D:\j2sdk1.4.2\jre\classes"></property>
    <property name="maven.home.local" value="C:\Documents and Settings\jbrains/.maven"></property>
    <property name="sun.java2d.fontpath" value=""></property>
    <property name="user.country" value="US"></property>
    <property name="maven.clover.report.xml" value="false"></property>
    <property name="maven.home" value="d:\maven-1.0-rc3"></property>
    <property name="maven.checkstyle.header.file" value="D:\home\jbrains\workspace\v3.0\jbrains\DiasparsoftToolkit/LICENSE.txt"></property>
    <property name="maven.antlr.src.dir" value="MAVEN_ANTLR_SRC_DIR_NOT_SET"></property>
    <property name="tools.jar" value="d:\j2sdk1.4.2\lib\tools.jar"></property>
    <property name="maven.distBuildDirectory" value="D:\home\jbrains\workspace\v3.0\jbrains\DiasparsoftToolkit/target"></property>
    <property name="mockobjects.home" value="d:/mockobjects-0.09"></property>
    <property name="java.vendor" value="Sun Microsystems Inc."></property>
    <property name="maven.docs.outputencoding" value="ISO-8859-1"></property>
    <property name="target.j2ee.version" value="1.3"></property>
    <property name="java.specification.version" value="1.4"></property>
    <property name="maven.ui.navcol.width" value="20%"></property>
    <property name="maven.javadoc.version" value="true"></property>
    <property name="sun.arch.data.model" value="32"></property>
    <property name="clover.initstring" value="D:\home\jbrains\workspace\v3.0\jbrains\DiasparsoftToolkit\target\clover\database\clover_coverage.db"></property>
  </properties>
  <testcase name="testNull" time="0.11"></testcase>
  <testcase name="testEmptyStream" time="0.02"></testcase>
  <testcase name="testSimpleHappyPath" time="0.0"></testcase>
  <testcase name="testLargeBuffer" time="0.151"></testcase>
  <system-out><![CDATA[]]></system-out>
  <system-err><![CDATA[]]></system-err>
</testsuite>
