<?xml version="1.0" encoding="UTF-8" ?>
<testsuite name="com.diasparsoftware.java.util.test.MakeMapFromArrayTest" tests="3" failures="0" errors="0" time="0.05">
  <properties>
    <property name="java.vendor" value="Sun Microsystems Inc."></property>
    <property name="mockobjects-core" value="d:/mockobjects-0.09/dist/mockobjects-core-0.09.jar"></property>
    <property name="gsbase.version" value="2.0"></property>
    <property name="os.name" value="Windows 2000"></property>
    <property name="sun.boot.class.path" value="D:\j2sdk1.4.2\jre\lib\rt.jar;D:\j2sdk1.4.2\jre\lib\i18n.jar;D:\j2sdk1.4.2\jre\lib\sunrsasign.jar;D:\j2sdk1.4.2\jre\lib\jsse.jar;D:\j2sdk1.4.2\jre\lib\jce.jar;D:\j2sdk1.4.2\jre\lib\charsets.jar;D:\j2sdk1.4.2\jre\classes"></property>
    <property name="j2ee.home" value="d:/j2sdkee1.3.1"></property>
    <property name="sun.java2d.fontpath" value=""></property>
    <property name="java.vm.specification.vendor" value="Sun Microsystems Inc."></property>
    <property name="ant.home" value="D:\apache-ant-1.6.1"></property>
    <property name="java.runtime.version" value="1.4.2-b28"></property>
    <property name="mockejb" value="d:/mockejb-0.5/lib/mockejb.jar"></property>
    <property name="user.name" value="jbrains"></property>
    <property name="distribution.directory" value="d:/diasparsoft-toolkit"></property>
    <property name="mockobjects-j2ee" value="d:/mockobjects-0.09/dist/mockobjects-jdk1.4-j2ee1.3-0.09.jar"></property>
    <property name="commons-collections.home" value="d:/commons-collections-2.1"></property>
    <property name="user.language" value="en"></property>
    <property name="sun.boot.library.path" value="D:\j2sdk1.4.2\jre\bin"></property>
    <property name="gsbase.home" value="d:/gsbase-2.0"></property>
    <property name="mockejb.home" value="d:/mockejb-0.5"></property>
    <property name="ant.project.name" value="Diasparsoft Toolkit"></property>
    <property name="java.version" value="1.4.2"></property>
    <property name="user.timezone" value=""></property>
    <property name="sun.arch.data.model" value="32"></property>
    <property name="java.endorsed.dirs" value="D:\j2sdk1.4.2\jre\lib\endorsed"></property>
    <property name="sun.cpu.isalist" value="pentium i486 i386"></property>
    <property name="file.encoding.pkg" value="sun.io"></property>
    <property name="file.separator" value="\"></property>
    <property name="java.specification.name" value="Java Platform API Specification"></property>
    <property name="java.class.version" value="48.0"></property>
    <property name="distribution.version" value="0.22"></property>
    <property name="user.country" value="US"></property>
    <property name="java.home" value="D:\j2sdk1.4.2\jre"></property>
    <property name="java.vm.info" value="mixed mode"></property>
    <property name="ant.file" value="D:\home\jbrains\workspace\v3.0\jbrains\Diasparsoft Toolkit\build.xml"></property>
    <property name="os.version" value="5.0"></property>
    <property name="path.separator" value=";"></property>
    <property name="java.vm.version" value="1.4.2-b28"></property>
    <property name="java.util.prefs.PreferencesFactory" value="java.util.prefs.WindowsPreferencesFactory"></property>
    <property name="ant.file.Diasparsoft Toolkit" value="D:\home\jbrains\workspace\v3.0\jbrains\Diasparsoft Toolkit\build.xml"></property>
    <property name="user.variant" value=""></property>
    <property name="ant.library.dir" value="D:\apache-ant-1.6.1\lib"></property>
    <property name="java.awt.printerjob" value="sun.awt.windows.WPrinterJob"></property>
    <property name="sun.io.unicode.encoding" value="UnicodeLittle"></property>
    <property name="awt.toolkit" value="sun.awt.windows.WToolkit"></property>
    <property name="diasparsoft-toolkit.home" value="d:/diasparsoft-toolkit"></property>
    <property name="user.home" value="C:\Documents and Settings\jbrains"></property>
    <property name="java.specification.vendor" value="Sun Microsystems Inc."></property>
    <property name="java.library.path" value="D:\j2sdk1.4.2\jre\bin;.;C:\WINNT\system32;C:\WINNT;C:\WINNT\system32;C:\WINNT;C:\WINNT\System32\Wbem;D:\websphere\wemps\bin;D:\mimer-9.2;D:\apache-ant-1.6.1\bin;d:\cvs;d:\borland\bcc55\bin;d:\retrosheet;C:\WINNT\Microsoft.NET\Framework\v1.1.4322;d:\maven-1.0-beta-10\bin"></property>
    <property name="java.vendor.url" value="http://java.sun.com/"></property>
    <property name="easymock.home" value="d:/easymock1.0"></property>
    <property name="httpunit.home" value="d:/httpunit-1.5.3"></property>
    <property name="java.vm.vendor" value="Sun Microsystems Inc."></property>
    <property name="java.runtime.name" value="Java(TM) 2 Runtime Environment, Standard Edition"></property>
    <property name="java.class.path" value="D:\home\jbrains\workspace\v3.0\jbrains\Diasparsoft Toolkit\test\classes;D:\home\jbrains\workspace\v3.0\jbrains\Diasparsoft Toolkit\classes;D:\j2sdkee1.3.1\lib\j2ee.jar;D:\httpunit-1.5.3\lib\httpunit.jar;D:\commons-collections-2.1\commons-collections.jar;D:\mockobjects-0.09\dist\mockobjects-core-0.09.jar;D:\mockobjects-0.09\dist\mockobjects-jdk1.4-0.09.jar;D:\mockobjects-0.09\dist\mockobjects-jdk1.4-j2ee1.3-0.09.jar;D:\gsbase-2.0\gsbase-2.0.jar;D:\mockejb-0.5\lib\mockejb.jar;D:\easymock1.0\easymock.jar;D:\htmlunit-1.2.3\lib\commons-httpclient-2.0-beta2.jar;D:\htmlunit-1.2.3\lib\commons-logging-1.0.2.jar;D:\htmlunit-1.2.3\lib\htmlunit-1.2.3.jar;D:\htmlunit-1.2.3\lib\js-1.5R4.1.jar;D:\htmlunit-1.2.3\lib\nekohtml-0.7.7.jar;D:\htmlunit-1.2.3\lib\xercesImpl-2.4.0.jar;D:\htmlunit-1.2.3\lib\xmlParserAPIs-2.2.1.jar;D:\junit-addons-1.4\junit-addons-1.4.jar;D:\junit3.8.1\junit.jar;D:\apache-ant-1.6.1\lib\ant-launcher.jar;D:\apache-ant-1.6.1\lib\ant.jar;D:\apache-ant-1.6.1\lib\ant-junit.jar"></property>
    <property name="ant.version" value="Apache Ant version 1.6.1 compiled on February 12 2004"></property>
    <property name="target.j2ee.version" value="1.3"></property>
    <property name="java.vm.specification.name" value="Java Virtual Machine Specification"></property>
    <property name="easymock" value="d:/easymock1.0/easymock.jar"></property>
    <property name="gsbase" value="d:/gsbase-2.0/gsbase-2.0.jar"></property>
    <property name="java.vm.specification.version" value="1.0"></property>
    <property name="sun.cpu.endian" value="little"></property>
    <property name="sun.os.patch.level" value="Service Pack 4"></property>
    <property name="java.io.tmpdir" value="C:\DOCUME~1\jbrains\LOCALS~1\Temp\"></property>
    <property name="java.vendor.url.bug" value="http://java.sun.com/cgi-bin/bugreport.cgi"></property>
    <property name="mockobjects.home" value="d:/mockobjects-0.09"></property>
    <property name="htmlunit.home" value="d:/htmlunit-1.2.3"></property>
    <property name="mockobjects.dist" value="d:/mockobjects-0.09/dist"></property>
    <property name="os.arch" value="x86"></property>
    <property name="java.awt.graphicsenv" value="sun.awt.Win32GraphicsEnvironment"></property>
    <property name="java.ext.dirs" value="D:\j2sdk1.4.2\jre\lib\ext"></property>
    <property name="user.dir" value="D:\home\jbrains\workspace\v3.0\jbrains\Diasparsoft Toolkit"></property>
    <property name="line.separator" value="
"></property>
    <property name="java.vm.name" value="Java HotSpot(TM) Client VM"></property>
    <property name="mockobjects-jdk" value="d:/mockobjects-0.09/dist/mockobjects-jdk1.4-0.09.jar"></property>
    <property name="basedir" value="D:\home\jbrains\workspace\v3.0\jbrains\Diasparsoft Toolkit"></property>
    <property name="ant.java.version" value="1.4"></property>
    <property name="file.encoding" value="Cp1252"></property>
    <property name="junit-addons" value="d:/junit-addons-1.4/junit-addons-1.4.jar"></property>
    <property name="java.specification.version" value="1.4"></property>
    <property name="target.jdk.version" value="1.4"></property>
    <property name="distribution.package" value="d:/diasparsoft-toolkit/lib/diasparsoft-toolkit-0.22.jar"></property>
    <property name="mockobjects.version" value="0.09"></property>
  </properties>
  <testcase name="makeMapFromArrayTest #0" classname="com.diasparsoftware.java.util.test.MakeMapFromArrayTest" time="0.0"></testcase>
  <testcase name="makeMapFromArrayTest #1" classname="com.diasparsoftware.java.util.test.MakeMapFromArrayTest" time="0.0"></testcase>
  <testcase name="makeMapFromArrayTest #2" classname="com.diasparsoftware.java.util.test.MakeMapFromArrayTest" time="0.0"></testcase>
  <system-out><![CDATA[]]></system-out>
  <system-err><![CDATA[]]></system-err>
</testsuite>
